        -:    0:Source:dominion.c
        -:    0:Graph:dominion.gcno
        -:    0:Data:dominion.gcda
        -:    0:Runs:1
        -:    0:Programs:1
        -:    1:#include "dominion.h"
        -:    2:#include "dominion_helpers.h"
        -:    3:#include "rngs.h"
        -:    4:#include <stdio.h>
        -:    5:#include <math.h>
        -:    6:#include <stdlib.h>
        -:    7:
       12:    8:int compare(const void* a, const void* b) {
       12:    9:  if (*(int*)a > *(int*)b)
    #####:   10:    return 1;
       12:   11:  if (*(int*)a < *(int*)b)
       12:   12:    return -1;
    #####:   13:  return 0;
        -:   14:}
        -:   15:
        1:   16:struct gameState* newGame() {
        1:   17:  struct gameState* g = malloc(sizeof(struct gameState));
        1:   18:  return g;
        -:   19:}
        -:   20:
        -:   21:
        -:   22://Takes enums of card and places in kingdom card pos
        -:   23://returns array
    #####:   24:int* kingdomCards(int k1, int k2, int k3, int k4, int k5, int k6, int k7,
        -:   25:		  int k8, int k9, int k10) {
    #####:   26:  int* k = malloc(10 * sizeof(int));
    #####:   27:  k[0] = k1;
    #####:   28:  k[1] = k2;
    #####:   29:  k[2] = k3;
    #####:   30:  k[3] = k4;
    #####:   31:  k[4] = k5;
    #####:   32:  k[5] = k6;
    #####:   33:  k[6] = k7;
    #####:   34:  k[7] = k8;
    #####:   35:  k[8] = k9;
    #####:   36:  k[9] = k10;
    #####:   37:  return k;
        -:   38:}
        -:   39:
    #####:   40:int initializeGame(int numPlayers, int kingdomCards[10], int randomSeed,
        -:   41:		   struct gameState *state) {
        -:   42:
        -:   43:  int i;
        -:   44:  int j;
        -:   45:  int it;			
        -:   46:  //set up random number generator
    #####:   47:  SelectStream(1);
    #####:   48:  PutSeed((long)randomSeed);
        -:   49:  
        -:   50:  //check number of players
    #####:   51:  if (numPlayers > MAX_PLAYERS || numPlayers < 2)
        -:   52:    {
    #####:   53:      return -1;
        -:   54:    }
        -:   55:
        -:   56:  //set number of players
    #####:   57:  state->numPlayers = numPlayers;
        -:   58:
        -:   59:  //check selected kingdom cards are different
    #####:   60:  for (i = 0; i < 10; i++)
        -:   61:    {
    #####:   62:      for (j = 0; j < 10; j++)
        -:   63:        {
    #####:   64:	  if (j != i && kingdomCards[j] == kingdomCards[i])
        -:   65:	    {
    #####:   66:	      return -1;
        -:   67:	    }
        -:   68:        }
        -:   69:    }
        -:   70:
        -:   71:
        -:   72:  //initialize supply
        -:   73:  ///////////////////////////////
        -:   74:
        -:   75:  //set number of Curse cards
    #####:   76:  if (numPlayers == 2)
        -:   77:    {
    #####:   78:      state->supplyCount[curse] = 10;
        -:   79:    }
    #####:   80:  else if (numPlayers == 3)
        -:   81:    {
    #####:   82:      state->supplyCount[curse] = 20;
        -:   83:    }
        -:   84:  else
        -:   85:    {
    #####:   86:      state->supplyCount[curse] = 30;
        -:   87:    }
        -:   88:
        -:   89:  //set number of Victory cards
    #####:   90:  if (numPlayers == 2)
        -:   91:    {
    #####:   92:      state->supplyCount[estate] = 8;
    #####:   93:      state->supplyCount[duchy] = 8;
    #####:   94:      state->supplyCount[province] = 8;
        -:   95:    }
        -:   96:  else
        -:   97:    {
    #####:   98:      state->supplyCount[estate] = 12;
    #####:   99:      state->supplyCount[duchy] = 12;
    #####:  100:      state->supplyCount[province] = 12;
        -:  101:    }
        -:  102:
        -:  103:  //set number of Treasure cards
    #####:  104:  state->supplyCount[copper] = 60 - (7 * numPlayers);
    #####:  105:  state->supplyCount[silver] = 40;
    #####:  106:  state->supplyCount[gold] = 30;
        -:  107:
        -:  108:  //set number of Kingdom cards
    #####:  109:  for (i = adventurer; i <= treasure_map; i++)       	//loop all cards
        -:  110:    {
    #####:  111:      for (j = 0; j < 10; j++)           		//loop chosen cards
        -:  112:	{
    #####:  113:	  if (kingdomCards[j] == i)
        -:  114:	    {
        -:  115:	      //check if card is a 'Victory' Kingdom card
    #####:  116:	      if (kingdomCards[j] == great_hall || kingdomCards[j] == gardens)
        -:  117:		{
    #####:  118:		  if (numPlayers == 2){ 
    #####:  119:		    state->supplyCount[i] = 8; 
        -:  120:		  }
    #####:  121:		  else{ state->supplyCount[i] = 12; }
        -:  122:		}
        -:  123:	      else
        -:  124:		{
    #####:  125:		  state->supplyCount[i] = 10;
        -:  126:		}
    #####:  127:	      break;
        -:  128:	    }
        -:  129:	  else    //card is not in the set choosen for the game
        -:  130:	    {
    #####:  131:	      state->supplyCount[i] = -1;
        -:  132:	    }
        -:  133:	}
        -:  134:
        -:  135:    }
        -:  136:
        -:  137:  ////////////////////////
        -:  138:  //supply intilization complete
        -:  139:
        -:  140:  //set player decks
    #####:  141:  for (i = 0; i < numPlayers; i++)
        -:  142:    {
    #####:  143:      state->deckCount[i] = 0;
    #####:  144:      for (j = 0; j < 3; j++)
        -:  145:	{
    #####:  146:	  state->deck[i][j] = estate;
    #####:  147:	  state->deckCount[i]++;
        -:  148:	}
    #####:  149:      for (j = 3; j < 10; j++)
        -:  150:	{
    #####:  151:	  state->deck[i][j] = copper;
    #####:  152:	  state->deckCount[i]++;		
        -:  153:	}
        -:  154:    }
        -:  155:
        -:  156:  //shuffle player decks
    #####:  157:  for (i = 0; i < numPlayers; i++)
        -:  158:    {
    #####:  159:      if ( shuffle(i, state) < 0 )
        -:  160:	{
    #####:  161:	  return -1;
        -:  162:	}
        -:  163:    }
        -:  164:
        -:  165:  //draw player hands
    #####:  166:  for (i = 0; i < numPlayers; i++)
        -:  167:    {  
        -:  168:      //initialize hand size to zero
    #####:  169:      state->handCount[i] = 0;
    #####:  170:      state->discardCount[i] = 0;
        -:  171:      //draw 5 cards
        -:  172:      // for (j = 0; j < 5; j++)
        -:  173:      //	{
        -:  174:      //	  drawCard(i, state);
        -:  175:      //	}
        -:  176:    }
        -:  177:  
        -:  178:  //set embargo tokens to 0 for all supply piles
    #####:  179:  for (i = 0; i <= treasure_map; i++)
        -:  180:    {
    #####:  181:      state->embargoTokens[i] = 0;
        -:  182:    }
        -:  183:
        -:  184:  //initialize first player's turn
    #####:  185:  state->outpostPlayed = 0;
    #####:  186:  state->phase = 0;
    #####:  187:  state->numActions = 1;
    #####:  188:  state->numBuys = 1;
    #####:  189:  state->playedCardCount = 0;
    #####:  190:  state->whoseTurn = 0;
    #####:  191:  state->handCount[state->whoseTurn] = 0;
        -:  192:  //int it; move to top
        -:  193:
        -:  194:  //Moved draw cards to here, only drawing at the start of a turn
    #####:  195:  for (it = 0; it < 5; it++){
    #####:  196:    drawCard(state->whoseTurn, state);
        -:  197:  }
        -:  198:
    #####:  199:  updateCoins(state->whoseTurn, state, 0);
        -:  200:
    #####:  201:  return 0;
        -:  202:}
        -:  203:
        2:  204:int shuffle(int player, struct gameState *state) {
        -:  205: 
        -:  206:
        -:  207:  int newDeck[MAX_DECK];
        2:  208:  int newDeckPos = 0;
        -:  209:  int card;
        -:  210:  int i;
        -:  211:
        2:  212:  if (state->deckCount[player] < 1)
        1:  213:    return -1;
        1:  214:  qsort ((void*)(state->deck[player]), state->deckCount[player], sizeof(int), compare); 
        -:  215:  /* SORT CARDS IN DECK TO ENSURE DETERMINISM! */
        -:  216:
       10:  217:  while (state->deckCount[player] > 0) {
        8:  218:    card = floor(Random() * state->deckCount[player]);
        8:  219:    newDeck[newDeckPos] = state->deck[player][card];
        8:  220:    newDeckPos++;
       27:  221:    for (i = card; i < state->deckCount[player]-1; i++) {
       19:  222:      state->deck[player][i] = state->deck[player][i+1];
        -:  223:    }
        8:  224:    state->deckCount[player]--;
        -:  225:  }
        9:  226:  for (i = 0; i < newDeckPos; i++) {
        8:  227:    state->deck[player][i] = newDeck[i];
        8:  228:    state->deckCount[player]++;
        -:  229:  }
        -:  230:
        1:  231:  return 0;
        -:  232:}
        -:  233:
    #####:  234:int playCard(int handPos, int choice1, int choice2, int choice3, struct gameState *state) 
        -:  235:{	
        -:  236:  int card;
    #####:  237:  int coin_bonus = 0; 		//tracks coins gain from actions
        -:  238:
        -:  239:  //check if it is the right phase
    #####:  240:  if (state->phase != 0)
        -:  241:    {
    #####:  242:      return -1;
        -:  243:    }
        -:  244:	
        -:  245:  //check if player has enough actions
    #####:  246:  if ( state->numActions < 1 )
        -:  247:    {
    #####:  248:      return -1;
        -:  249:    }
        -:  250:	
        -:  251:  //get card played
    #####:  252:  card = handCard(handPos, state);
        -:  253:	
        -:  254:  //check if selected card is an action
    #####:  255:  if ( card < adventurer || card > treasure_map )
        -:  256:    {
    #####:  257:      return -1;
        -:  258:    }
        -:  259:	
        -:  260:  //play card
    #####:  261:  if ( cardEffect(card, choice1, choice2, choice3, state, handPos, &coin_bonus) < 0 )
        -:  262:    {
    #####:  263:      return -1;
        -:  264:    }
        -:  265:	
        -:  266:  //reduce number of actions
    #####:  267:  state->numActions--;
        -:  268:
        -:  269:  //update coins (Treasure cards may be added with card draws)
    #####:  270:  updateCoins(state->whoseTurn, state, coin_bonus);
        -:  271:	
    #####:  272:  return 0;
        -:  273:}
        -:  274:
    #####:  275:int buyCard(int supplyPos, struct gameState *state) {
        -:  276: 
        -:  277:
        -:  278:  //ASSUMPTION BASED ON gainCard() -> "Note: supplyPos is enum of choosen card"
        -:  279: 
        -:  280:int who;
        -:  281:  if (DEBUG){
        -:  282:    printf("Entering buyCard...\n");
        -:  283:  }
        -:  284:
        -:  285:  // I don't know what to do about the phase thing.
        -:  286:
    #####:  287:  who = state->whoseTurn;
        -:  288:
    #####:  289:  if (state->numBuys < 1){
        -:  290:    if (DEBUG)
        -:  291:      printf("You do not have any buys left\n");
    #####:  292:    return -1;
    #####:  293:  } else if (supplyCount(supplyPos, state) <1){
        -:  294:    if (DEBUG)
        -:  295:      printf("There are not any of that type of card left\n");
    #####:  296:    return -1;
    #####:  297:  } else if (state->coins < getCost(supplyPos)){
        -:  298:    if (DEBUG) 
        -:  299:      printf("You do not have enough money to buy that. You have %d coins.\n", state->coins);
    #####:  300:    return -1;
        -:  301:  } else {
    #####:  302:    state->phase=1;
        -:  303:    //state->supplyCount[supplyPos]--;
    #####:  304:    gainCard(supplyPos, state, 0, who); //card goes in discard, this might be wrong.. (2 means goes into hand, 0 goes into discard)
        -:  305:  
    #####:  306:    state->coins = (state->coins) - (getCost(supplyPos));
    #####:  307:    state->numBuys--;
        -:  308:    if (DEBUG)
        -:  309:      printf("You bought card number %d for %d coins. You now have %d buys and %d coins.\n", supplyPos, getCost(supplyPos), state->numBuys, state->coins);
        -:  310:  }
        -:  311:
        -:  312:  //state->discard[who][state->discardCount[who]] = supplyPos;
        -:  313:  //state->discardCount[who]++;
        -:  314:    
    #####:  315:  return 0;
        -:  316:}
        -:  317:
    #####:  318:int numHandCards(struct gameState *state) {
    #####:  319:  return state->handCount[ whoseTurn(state) ];
        -:  320:}
        -:  321:
    #####:  322:int handCard(int handPos, struct gameState *state) {
    #####:  323:  int currentPlayer = whoseTurn(state);
    #####:  324:  return state->hand[currentPlayer][handPos];
        -:  325:}
        -:  326:
    #####:  327:int supplyCount(int card, struct gameState *state) {
    #####:  328:  return state->supplyCount[card];
        -:  329:}
        -:  330:
    #####:  331:int fullDeckCount(int player, int card, struct gameState *state) {
        -:  332:  int i;
    #####:  333:  int count = 0;
        -:  334:
    #####:  335:  for (i = 0; i < state->deckCount[player]; i++)
        -:  336:    {
    #####:  337:      if (state->deck[player][i] == card) count++;
        -:  338:    }
        -:  339:
    #####:  340:  for (i = 0; i < state->handCount[player]; i++)
        -:  341:    {
    #####:  342:      if (state->hand[player][i] == card) count++;
        -:  343:    }
        -:  344:
    #####:  345:  for (i = 0; i < state->discardCount[player]; i++)
        -:  346:    {
    #####:  347:      if (state->discard[player][i] == card) count++;
        -:  348:    }
        -:  349:
    #####:  350:  return count;
        -:  351:}
        -:  352:
    #####:  353:int whoseTurn(struct gameState *state) {
    #####:  354:  return state->whoseTurn;
        -:  355:}
        -:  356:
    #####:  357:int endTurn(struct gameState *state) {
        -:  358:  int k;
        -:  359:  int i;
    #####:  360:  int currentPlayer = whoseTurn(state);
        -:  361:  
        -:  362:  //Discard hand
    #####:  363:  for (i = 0; i < state->handCount[currentPlayer]; i++){
    #####:  364:    state->discard[currentPlayer][state->discardCount[currentPlayer]++] = state->hand[currentPlayer][i];//Discard
    #####:  365:    state->hand[currentPlayer][i] = -1;//Set card to -1
        -:  366:  }
    #####:  367:  state->handCount[currentPlayer] = 0;//Reset hand count
        -:  368:    
        -:  369:  //Code for determining the player
    #####:  370:  if (currentPlayer < (state->numPlayers - 1)){ 
    #####:  371:    state->whoseTurn = currentPlayer + 1;//Still safe to increment
        -:  372:  }
        -:  373:  else{
    #####:  374:    state->whoseTurn = 0;//Max player has been reached, loop back around to player 1
        -:  375:  }
        -:  376:
    #####:  377:  state->outpostPlayed = 0;
    #####:  378:  state->phase = 0;
    #####:  379:  state->numActions = 1;
    #####:  380:  state->coins = 0;
    #####:  381:  state->numBuys = 1;
    #####:  382:  state->playedCardCount = 0;
    #####:  383:  state->handCount[state->whoseTurn] = 0;
        -:  384:
        -:  385:  //int k; move to top
        -:  386:  //Next player draws hand
    #####:  387:  for (k = 0; k < 5; k++){
    #####:  388:    drawCard(state->whoseTurn, state);//Draw a card
        -:  389:  }
        -:  390:
        -:  391:  //Update money
    #####:  392:  updateCoins(state->whoseTurn, state , 0);
        -:  393:
    #####:  394:  return 0;
        -:  395:}
        -:  396:
    #####:  397:int isGameOver(struct gameState *state) {
        -:  398:  int i;
        -:  399:  int j;
        -:  400:	
        -:  401:  //if stack of Province cards is empty, the game ends
    #####:  402:  if (state->supplyCount[province] == 0)
        -:  403:    {
    #####:  404:      return 1;
        -:  405:    }
        -:  406:
        -:  407:  //if three supply pile are at 0, the game ends
    #####:  408:  j = 0;
    #####:  409:  for (i = 0; i < 25; i++)
        -:  410:    {
    #####:  411:      if (state->supplyCount[i] == 0)
        -:  412:	{
    #####:  413:	  j++;
        -:  414:	}
        -:  415:    }
    #####:  416:  if ( j >= 3)
        -:  417:    {
    #####:  418:      return 1;
        -:  419:    }
        -:  420:
    #####:  421:  return 0;
        -:  422:}
        -:  423:
    #####:  424:int scoreFor (int player, struct gameState *state) {
        -:  425:
        -:  426:  int i;
    #####:  427:  int score = 0;
        -:  428:  //score from hand
    #####:  429:  for (i = 0; i < state->handCount[player]; i++)
        -:  430:    {
    #####:  431:      if (state->hand[player][i] == curse) { score = score - 1; };
    #####:  432:      if (state->hand[player][i] == estate) { score = score + 1; };
    #####:  433:      if (state->hand[player][i] == duchy) { score = score + 3; };
    #####:  434:      if (state->hand[player][i] == province) { score = score + 6; };
    #####:  435:      if (state->hand[player][i] == great_hall) { score = score + 1; };
    #####:  436:      if (state->hand[player][i] == gardens) { score = score + ( fullDeckCount(player, 0, state) / 10 ); };
        -:  437:    }
        -:  438:
        -:  439:  //score from discard
    #####:  440:  for (i = 0; i < state->discardCount[player]; i++)
        -:  441:    {
    #####:  442:      if (state->discard[player][i] == curse) { score = score - 1; };
    #####:  443:      if (state->discard[player][i] == estate) { score = score + 1; };
    #####:  444:      if (state->discard[player][i] == duchy) { score = score + 3; };
    #####:  445:      if (state->discard[player][i] == province) { score = score + 6; };
    #####:  446:      if (state->discard[player][i] == great_hall) { score = score + 1; };
    #####:  447:      if (state->discard[player][i] == gardens) { score = score + ( fullDeckCount(player, 0, state) / 10 ); };
        -:  448:    }
        -:  449:
        -:  450:  //score from deck
    #####:  451:  for (i = 0; i < state->discardCount[player]; i++)
        -:  452:    {
    #####:  453:      if (state->deck[player][i] == curse) { score = score - 1; };
    #####:  454:      if (state->deck[player][i] == estate) { score = score + 1; };
    #####:  455:      if (state->deck[player][i] == duchy) { score = score + 3; };
    #####:  456:      if (state->deck[player][i] == province) { score = score + 6; };
    #####:  457:      if (state->deck[player][i] == great_hall) { score = score + 1; };
    #####:  458:      if (state->deck[player][i] == gardens) { score = score + ( fullDeckCount(player, 0, state) / 10 ); };
        -:  459:    }
        -:  460:
        -:  461:
    #####:  462:  return score;
        -:  463:}
        -:  464:
    #####:  465:int getWinners(int players[MAX_PLAYERS], struct gameState *state) {
        -:  466:  int i;	
        -:  467:  int j;
        -:  468:  int highScore;
        -:  469:  int currentPlayer;
        -:  470:
        -:  471:  //get score for each player
    #####:  472:  for (i = 0; i < MAX_PLAYERS; i++)
        -:  473:    {
        -:  474:      //set unused player scores to -9999
    #####:  475:      if (i >= state->numPlayers)
        -:  476:	{
    #####:  477:	  players[i] = -9999;
        -:  478:	}
        -:  479:      else
        -:  480:	{
    #####:  481:	  players[i] = scoreFor (i, state);
        -:  482:	}
        -:  483:    }
        -:  484:
        -:  485:  //find highest score
    #####:  486:  j = 0;
    #####:  487:  for (i = 0; i < MAX_PLAYERS; i++)
        -:  488:    {
    #####:  489:      if (players[i] > players[j])
        -:  490:	{
    #####:  491:	  j = i;
        -:  492:	}
        -:  493:    }
    #####:  494:  highScore = players[j];
        -:  495:
        -:  496:  //add 1 to players who had less turns
    #####:  497:  currentPlayer = whoseTurn(state);
    #####:  498:  for (i = 0; i < MAX_PLAYERS; i++)
        -:  499:    {
    #####:  500:      if ( players[i] == highScore && i > currentPlayer )
        -:  501:	{
    #####:  502:	  players[i]++;
        -:  503:	}
        -:  504:    }
        -:  505:
        -:  506:  //find new highest score
    #####:  507:  j = 0;
    #####:  508:  for (i = 0; i < MAX_PLAYERS; i++)
        -:  509:    {
    #####:  510:      if ( players[i] > players[j] )
        -:  511:	{
    #####:  512:	  j = i;
        -:  513:	}
        -:  514:    }
    #####:  515:  highScore = players[j];
        -:  516:
        -:  517:  //set winners in array to 1 and rest to 0
    #####:  518:  for (i = 0; i < MAX_PLAYERS; i++)
        -:  519:    {
    #####:  520:      if ( players[i] == highScore )
        -:  521:	{
    #####:  522:	  players[i] = 1;
        -:  523:	}
        -:  524:      else
        -:  525:	{
    #####:  526:	  players[i] = 0;
        -:  527:	}
        -:  528:    }
        -:  529:
    #####:  530:  return 0;
        -:  531:}
        -:  532:
    #####:  533:int drawCard(int player, struct gameState *state)
        -:  534:{	int count;
        -:  535:  int deckCounter;
    #####:  536:  if (state->deckCount[player] <= 0){//Deck is empty
        -:  537:    
        -:  538:    //Step 1 Shuffle the discard pile back into a deck
        -:  539:    int i;
        -:  540:    //Move discard to deck
    #####:  541:    for (i = 0; i < state->discardCount[player];i++){
    #####:  542:      state->deck[player][i] = state->discard[player][i];
    #####:  543:      state->discard[player][i] = -1;
        -:  544:    }
        -:  545:
    #####:  546:    state->deckCount[player] = state->discardCount[player];
    #####:  547:    state->discardCount[player] = 0;//Reset discard
        -:  548:
        -:  549:    //Shufffle the deck
    #####:  550:    shuffle(player, state);//Shuffle the deck up and make it so that we can draw
        -:  551:   
        -:  552:    if (DEBUG){//Debug statements
        -:  553:      printf("Deck count now: %d\n", state->deckCount[player]);
        -:  554:    }
        -:  555:    
    #####:  556:    state->discardCount[player] = 0;
        -:  557:
        -:  558:    //Step 2 Draw Card
    #####:  559:    count = state->handCount[player];//Get current player's hand count
        -:  560:    
        -:  561:    if (DEBUG){//Debug statements
        -:  562:      printf("Current hand count: %d\n", count);
        -:  563:    }
        -:  564:    
    #####:  565:    deckCounter = state->deckCount[player];//Create a holder for the deck count
        -:  566:
    #####:  567:    if (deckCounter == 0)
    #####:  568:      return -1;
        -:  569:
    #####:  570:    state->hand[player][count] = state->deck[player][deckCounter - 1];//Add card to hand
    #####:  571:    state->deckCount[player]--;
    #####:  572:    state->handCount[player]++;//Increment hand count
        -:  573:  }
        -:  574:
        -:  575:  else{
    #####:  576:    int count = state->handCount[player];//Get current hand count for player
        -:  577:    int deckCounter;
        -:  578:    if (DEBUG){//Debug statements
        -:  579:      printf("Current hand count: %d\n", count);
        -:  580:    }
        -:  581:
    #####:  582:    deckCounter = state->deckCount[player];//Create holder for the deck count
    #####:  583:    state->hand[player][count] = state->deck[player][deckCounter - 1];//Add card to the hand
    #####:  584:    state->deckCount[player]--;
    #####:  585:    state->handCount[player]++;//Increment hand count
        -:  586:  }
        -:  587:
    #####:  588:  return 0;
        -:  589:}
        -:  590:
    #####:  591:int getCost(int cardNumber)
        -:  592:{
    #####:  593:  switch( cardNumber ) 
        -:  594:    {
        -:  595:    case curse:
    #####:  596:      return 0;
        -:  597:    case estate:
    #####:  598:      return 2;
        -:  599:    case duchy:
    #####:  600:      return 5;
        -:  601:    case province:
    #####:  602:      return 8;
        -:  603:    case copper:
    #####:  604:      return 0;
        -:  605:    case silver:
    #####:  606:      return 3;
        -:  607:    case gold:
    #####:  608:      return 6;
        -:  609:    case adventurer:
    #####:  610:      return 6;
        -:  611:    case council_room:
    #####:  612:      return 5;
        -:  613:    case feast:
    #####:  614:      return 4;
        -:  615:    case gardens:
    #####:  616:      return 4;
        -:  617:    case mine:
    #####:  618:      return 5;
        -:  619:    case remodel:
    #####:  620:      return 4;
        -:  621:    case smithy:
    #####:  622:      return 4;
        -:  623:    case village:
    #####:  624:      return 3;
        -:  625:    case baron:
    #####:  626:      return 4;
        -:  627:    case great_hall:
    #####:  628:      return 3;
        -:  629:    case minion:
    #####:  630:      return 5;
        -:  631:    case steward:
    #####:  632:      return 3;
        -:  633:    case tribute:
    #####:  634:      return 5;
        -:  635:    case ambassador:
    #####:  636:      return 3;
        -:  637:    case cutpurse:
    #####:  638:      return 4;
        -:  639:    case embargo: 
    #####:  640:      return 2;
        -:  641:    case outpost:
    #####:  642:      return 5;
        -:  643:    case salvager:
    #####:  644:      return 4;
        -:  645:    case sea_hag:
    #####:  646:      return 4;
        -:  647:    case treasure_map:
    #####:  648:      return 4;
        -:  649:    }
        -:  650:	
    #####:  651:  return -1;
        -:  652:}
        -:  653:
    #####:  654:int cardEffect(int card, int choice1, int choice2, int choice3, struct gameState *state, int handPos, int *bonus)
        -:  655:{
        -:  656:  int i;
        -:  657:  int j;
        -:  658:  int k;
        -:  659:  //int x;
        -:  660:  int index;
    #####:  661:  int currentPlayer = whoseTurn(state);
    #####:  662:  int nextPlayer = currentPlayer + 1;
        -:  663:
    #####:  664:  int tributeRevealedCards[2] = {-1, -1};
        -:  665://  int temphand[MAX_HAND];// moved above the if statement
        -:  666://  int drawntreasure=0;
        -:  667://  int cardDrawn;
        -:  668://  int z = 0;// this is the counter for the temp hand
    #####:  669:  if (nextPlayer > (state->numPlayers - 1)){
    #####:  670:    nextPlayer = 0;
        -:  671:  }
        -:  672:
        -:  673:	//*****************************ASSIGNMENT 2 **********************************
        -:  674:
        -:  675:	//I am using function pointers to make it look a little more elegant
        -:  676:	//used as resource: https://www.cprogramming.com/tutorial/function-pointers.html
        -:  677:	int (*cardAction)(int, struct gameState *, int, int);
        -:  678:
        -:  679:	//Assign odd number so we know if changed
        -:  680:	int actionResult;
        -:  681:	
        -:  682:	//Two arrays, one holding the cards' ENUM, the second a corresponding function pointer
    #####:  683:	int actionCard[] = {7, 8, 9, 10, 13};
    #####:  684:	void * actionFunction[] = { &adventurerAction, &council_roomAction, &feastAction, &gardensAction, &smithyAction};
        -:  685:
        -:  686:	//Iterate over actionCard array and see if our card is present
        -:  687:	//If so, run corresponding function from actionFunction and set to actionResult
        -:  688:		// then return actionResult
    #####:  689:	for( i = 0; i < 5; i++) {
        -:  690:		
    #####:  691:		if( card == actionCard[i] ) {
        -:  692:			
    #####:  693:			cardAction = actionFunction[i];
    #####:  694:			actionResult = cardAction(currentPlayer, state, handPos, choice1);
    #####:  695:			return actionResult;
        -:  696:		}
        -:  697:
        -:  698:	}
        -:  699:
        -:  700:	//*********************************************************************************	
        -:  701:
        -:  702:
        -:  703:  //uses switch to select card and perform actions
    #####:  704:  switch( card ) 
        -:  705:    {
        -:  706:   
        -:  707:     case mine:
    #####:  708:      j = state->hand[currentPlayer][choice1];  //store card we will trash
        -:  709:
    #####:  710:      if (state->hand[currentPlayer][choice1] < copper || state->hand[currentPlayer][choice1] > gold)
        -:  711:	{
    #####:  712:	  return -1;
        -:  713:	}
        -:  714:		
    #####:  715:      if (choice2 > treasure_map || choice2 < curse)
        -:  716:	{
    #####:  717:	  return -1;
        -:  718:	}
        -:  719:
    #####:  720:      if ( (getCost(state->hand[currentPlayer][choice1]) + 3) > getCost(choice2) )
        -:  721:	{
    #####:  722:	  return -1;
        -:  723:	}
        -:  724:
    #####:  725:      gainCard(choice2, state, 2, currentPlayer);
        -:  726:
        -:  727:      //discard card from hand
    #####:  728:      discardCard(handPos, currentPlayer, state, 0);
        -:  729:
        -:  730:      //discard trashed card
    #####:  731:      for (i = 0; i < state->handCount[currentPlayer]; i++)
        -:  732:	{
    #####:  733:	  if (state->hand[currentPlayer][i] == j)
        -:  734:	    {
    #####:  735:	      discardCard(i, currentPlayer, state, 0);			
    #####:  736:	      break;
        -:  737:	    }
        -:  738:	}
        -:  739:			
    #####:  740:      return 0;
        -:  741:			
        -:  742:    case remodel:
    #####:  743:      j = state->hand[currentPlayer][choice1];  //store card we will trash
        -:  744:
    #####:  745:      if ( (getCost(state->hand[currentPlayer][choice1]) + 2) > getCost(choice2) )
        -:  746:	{
    #####:  747:	  return -1;
        -:  748:	}
        -:  749:
    #####:  750:      gainCard(choice2, state, 0, currentPlayer);
        -:  751:
        -:  752:      //discard card from hand
    #####:  753:      discardCard(handPos, currentPlayer, state, 0);
        -:  754:
        -:  755:      //discard trashed card
    #####:  756:      for (i = 0; i < state->handCount[currentPlayer]; i++)
        -:  757:	{
    #####:  758:	  if (state->hand[currentPlayer][i] == j)
        -:  759:	    {
    #####:  760:	      discardCard(i, currentPlayer, state, 0);			
    #####:  761:	      break;
        -:  762:	    }
        -:  763:	}
        -:  764:
        -:  765:
    #####:  766:      return 0;
        -:  767:		
        -:  768:		
        -:  769:    case village:
        -:  770:      //+1 Card
    #####:  771:      drawCard(currentPlayer, state);
        -:  772:			
        -:  773:      //+2 Actions
    #####:  774:      state->numActions = state->numActions + 2;
        -:  775:			
        -:  776:      //discard played card from hand
    #####:  777:      discardCard(handPos, currentPlayer, state, 0);
    #####:  778:      return 0;
        -:  779:		
        -:  780:    case baron:
    #####:  781:      state->numBuys++;//Increase buys by 1!
    #####:  782:      if (choice1 > 0){//Boolean true or going to discard an estate
    #####:  783:	int p = 0;//Iterator for hand!
    #####:  784:	int card_not_discarded = 1;//Flag for discard set!
    #####:  785:	while(card_not_discarded){
    #####:  786:	  if (state->hand[currentPlayer][p] == estate){//Found an estate card!
    #####:  787:	    state->coins += 4;//Add 4 coins to the amount of coins
    #####:  788:	    state->discard[currentPlayer][state->discardCount[currentPlayer]] = state->hand[currentPlayer][p];
    #####:  789:	    state->discardCount[currentPlayer]++;
    #####:  790:	    for (;p < state->handCount[currentPlayer]; p++){
    #####:  791:	      state->hand[currentPlayer][p] = state->hand[currentPlayer][p+1];
        -:  792:	    }
    #####:  793:	    state->hand[currentPlayer][state->handCount[currentPlayer]] = -1;
    #####:  794:	    state->handCount[currentPlayer]--;
    #####:  795:	    card_not_discarded = 0;//Exit the loop
        -:  796:	  }
    #####:  797:	  else if (p > state->handCount[currentPlayer]){
        -:  798:	    if(DEBUG) {
        -:  799:	      printf("No estate cards in your hand, invalid choice\n");
        -:  800:	      printf("Must gain an estate if there are any\n");
        -:  801:	    }
    #####:  802:	    if (supplyCount(estate, state) > 0){
    #####:  803:	      gainCard(estate, state, 0, currentPlayer);
    #####:  804:	      state->supplyCount[estate]--;//Decrement estates
    #####:  805:	      if (supplyCount(estate, state) == 0){
    #####:  806:		isGameOver(state);
        -:  807:	      }
        -:  808:	    }
    #####:  809:	    card_not_discarded = 0;//Exit the loop
        -:  810:	  }
        -:  811:			    
        -:  812:	  else{
    #####:  813:	    p++;//Next card
        -:  814:	  }
        -:  815:	}
        -:  816:      }
        -:  817:			    
        -:  818:      else{
    #####:  819:	if (supplyCount(estate, state) > 0){
    #####:  820:	  gainCard(estate, state, 0, currentPlayer);//Gain an estate
    #####:  821:	  state->supplyCount[estate]--;//Decrement Estates
    #####:  822:	  if (supplyCount(estate, state) == 0){
    #####:  823:	    isGameOver(state);
        -:  824:	  }
        -:  825:	}
        -:  826:      }
        -:  827:	    
        -:  828:      
    #####:  829:      return 0;
        -:  830:		
        -:  831:    case great_hall:
        -:  832:      //+1 Card
    #####:  833:      drawCard(currentPlayer, state);
        -:  834:			
        -:  835:      //+1 Actions
    #####:  836:      state->numActions++;
        -:  837:			
        -:  838:      //discard card from hand
    #####:  839:      discardCard(handPos, currentPlayer, state, 0);
    #####:  840:      return 0;
        -:  841:		
        -:  842:    case minion:
        -:  843:      //+1 action
    #####:  844:      state->numActions++;
        -:  845:			
        -:  846:      //discard card from hand
    #####:  847:      discardCard(handPos, currentPlayer, state, 0);
        -:  848:			
    #####:  849:      if (choice1)		//+2 coins
        -:  850:	{
    #####:  851:	  state->coins = state->coins + 2;
        -:  852:	}
        -:  853:			
    #####:  854:      else if (choice2)		//discard hand, redraw 4, other players with 5+ cards discard hand and draw 4
        -:  855:	{
        -:  856:	  //discard hand
    #####:  857:	  while(numHandCards(state) > 0)
        -:  858:	    {
    #####:  859:	      discardCard(handPos, currentPlayer, state, 0);
        -:  860:	    }
        -:  861:				
        -:  862:	  //draw 4
    #####:  863:	  for (i = 0; i < 4; i++)
        -:  864:	    {
    #####:  865:	      drawCard(currentPlayer, state);
        -:  866:	    }
        -:  867:				
        -:  868:	  //other players discard hand and redraw if hand size > 4
    #####:  869:	  for (i = 0; i < state->numPlayers; i++)
        -:  870:	    {
    #####:  871:	      if (i != currentPlayer)
        -:  872:		{
    #####:  873:		  if ( state->handCount[i] > 4 )
        -:  874:		    {
        -:  875:		      //discard hand
    #####:  876:		      while( state->handCount[i] > 0 )
        -:  877:			{
    #####:  878:			  discardCard(handPos, i, state, 0);
        -:  879:			}
        -:  880:							
        -:  881:		      //draw 4
    #####:  882:		      for (j = 0; j < 4; j++)
        -:  883:			{
    #####:  884:			  drawCard(i, state);
        -:  885:			}
        -:  886:		    }
        -:  887:		}
        -:  888:	    }
        -:  889:				
        -:  890:	}
    #####:  891:      return 0;
        -:  892:		
        -:  893:    case steward:
    #####:  894:      if (choice1 == 1)
        -:  895:	{
        -:  896:	  //+2 cards
    #####:  897:	  drawCard(currentPlayer, state);
    #####:  898:	  drawCard(currentPlayer, state);
        -:  899:	}
    #####:  900:      else if (choice1 == 2)
        -:  901:	{
        -:  902:	  //+2 coins
    #####:  903:	  state->coins = state->coins + 2;
        -:  904:	}
        -:  905:      else
        -:  906:	{
        -:  907:	  //trash 2 cards in hand
    #####:  908:	  discardCard(choice2, currentPlayer, state, 1);
    #####:  909:	  discardCard(choice3, currentPlayer, state, 1);
        -:  910:	}
        -:  911:			
        -:  912:      //discard card from hand
    #####:  913:      discardCard(handPos, currentPlayer, state, 0);
    #####:  914:      return 0;
        -:  915:		
        -:  916:    case tribute:
    #####:  917:      if ((state->discardCount[nextPlayer] + state->deckCount[nextPlayer]) <= 1){
    #####:  918:	if (state->deckCount[nextPlayer] > 0){
    #####:  919:	  tributeRevealedCards[0] = state->deck[nextPlayer][state->deckCount[nextPlayer]-1];
    #####:  920:	  state->deckCount[nextPlayer]--;
        -:  921:	}
    #####:  922:	else if (state->discardCount[nextPlayer] > 0){
    #####:  923:	  tributeRevealedCards[0] = state->discard[nextPlayer][state->discardCount[nextPlayer]-1];
    #####:  924:	  state->discardCount[nextPlayer]--;
        -:  925:	}
        -:  926:	else{
        -:  927:	  //No Card to Reveal
        -:  928:	  if (DEBUG){
        -:  929:	    printf("No cards to reveal\n");
        -:  930:	  }
        -:  931:	}
        -:  932:      }
        -:  933:	    
        -:  934:      else{
    #####:  935:	if (state->deckCount[nextPlayer] == 0){
    #####:  936:	  for (i = 0; i < state->discardCount[nextPlayer]; i++){
    #####:  937:	    state->deck[nextPlayer][i] = state->discard[nextPlayer][i];//Move to deck
    #####:  938:	    state->deckCount[nextPlayer]++;
    #####:  939:	    state->discard[nextPlayer][i] = -1;
    #####:  940:	    state->discardCount[nextPlayer]--;
        -:  941:	  }
        -:  942:			    
    #####:  943:	  shuffle(nextPlayer,state);//Shuffle the deck
        -:  944:	} 
    #####:  945:	tributeRevealedCards[0] = state->deck[nextPlayer][state->deckCount[nextPlayer]-1];
    #####:  946:	state->deck[nextPlayer][state->deckCount[nextPlayer]--] = -1;
    #####:  947:	state->deckCount[nextPlayer]--;
    #####:  948:	tributeRevealedCards[1] = state->deck[nextPlayer][state->deckCount[nextPlayer]-1];
    #####:  949:	state->deck[nextPlayer][state->deckCount[nextPlayer]--] = -1;
    #####:  950:	state->deckCount[nextPlayer]--;
        -:  951:      }    
        -:  952:		       
    #####:  953:      if (tributeRevealedCards[0] == tributeRevealedCards[1]){//If we have a duplicate card, just drop one 
    #####:  954:	state->playedCards[state->playedCardCount] = tributeRevealedCards[1];
    #####:  955:	state->playedCardCount++;
    #####:  956:	tributeRevealedCards[1] = -1;
        -:  957:      }
        -:  958:
    #####:  959:      for (i = 0; i <= 2; i ++){
    #####:  960:	if (tributeRevealedCards[i] == copper || tributeRevealedCards[i] == silver || tributeRevealedCards[i] == gold){//Treasure cards
    #####:  961:	  state->coins += 2;
        -:  962:	}
        -:  963:		    
    #####:  964:	else if (tributeRevealedCards[i] == estate || tributeRevealedCards[i] == duchy || tributeRevealedCards[i] == province || tributeRevealedCards[i] == gardens || tributeRevealedCards[i] == great_hall){//Victory Card Found
    #####:  965:	  drawCard(currentPlayer, state);
    #####:  966:	  drawCard(currentPlayer, state);
        -:  967:	}
        -:  968:	else{//Action Card
    #####:  969:	  state->numActions = state->numActions + 2;
        -:  970:	}
        -:  971:      }
        -:  972:	    
    #####:  973:      return 0;
        -:  974:		
        -:  975:    case ambassador:
    #####:  976:      j = 0;		//used to check if player has enough cards to discard
        -:  977:
    #####:  978:      if (choice2 > 2 || choice2 < 0)
        -:  979:	{
    #####:  980:	  return -1;				
        -:  981:	}
        -:  982:
    #####:  983:      if (choice1 == handPos)
        -:  984:	{
    #####:  985:	  return -1;
        -:  986:	}
        -:  987:
    #####:  988:      for (i = 0; i < state->handCount[currentPlayer]; i++)
        -:  989:	{
    #####:  990:	  if (i != handPos && i == state->hand[currentPlayer][choice1] && i != choice1)
        -:  991:	    {
    #####:  992:	      j++;
        -:  993:	    }
        -:  994:	}
    #####:  995:      if (j < choice2)
        -:  996:	{
    #####:  997:	  return -1;				
        -:  998:	}
        -:  999:
        -: 1000:      if (DEBUG) 
        -: 1001:	printf("Player %d reveals card number: %d\n", currentPlayer, state->hand[currentPlayer][choice1]);
        -: 1002:
        -: 1003:      //increase supply count for choosen card by amount being discarded
    #####: 1004:      state->supplyCount[state->hand[currentPlayer][choice1]] += choice2;
        -: 1005:			
        -: 1006:      //each other player gains a copy of revealed card
    #####: 1007:      for (i = 0; i < state->numPlayers; i++)
        -: 1008:	{
    #####: 1009:	  if (i != currentPlayer)
        -: 1010:	    {
    #####: 1011:	      gainCard(state->hand[currentPlayer][choice1], state, 0, i);
        -: 1012:	    }
        -: 1013:	}
        -: 1014:
        -: 1015:      //discard played card from hand
    #####: 1016:      discardCard(handPos, currentPlayer, state, 0);			
        -: 1017:
        -: 1018:      //trash copies of cards returned to supply
    #####: 1019:      for (j = 0; j < choice2; j++)
        -: 1020:	{
    #####: 1021:	  for (i = 0; i < state->handCount[currentPlayer]; i++)
        -: 1022:	    {
    #####: 1023:	      if (state->hand[currentPlayer][i] == state->hand[currentPlayer][choice1])
        -: 1024:		{
    #####: 1025:		  discardCard(i, currentPlayer, state, 1);
    #####: 1026:		  break;
        -: 1027:		}
        -: 1028:	    }
        -: 1029:	}			
        -: 1030:
    #####: 1031:      return 0;
        -: 1032:		
        -: 1033:    case cutpurse:
        -: 1034:
    #####: 1035:      updateCoins(currentPlayer, state, 2);
    #####: 1036:      for (i = 0; i < state->numPlayers; i++)
        -: 1037:	{
    #####: 1038:	  if (i != currentPlayer)
        -: 1039:	    {
    #####: 1040:	      for (j = 0; j < state->handCount[i]; j++)
        -: 1041:		{
    #####: 1042:		  if (state->hand[i][j] == copper)
        -: 1043:		    {
    #####: 1044:		      discardCard(j, i, state, 0);
    #####: 1045:		      break;
        -: 1046:		    }
    #####: 1047:		  if (j == state->handCount[i])
        -: 1048:		    {
    #####: 1049:		      for (k = 0; k < state->handCount[i]; k++)
        -: 1050:			{
        -: 1051:			  if (DEBUG)
        -: 1052:			    printf("Player %d reveals card number %d\n", i, state->hand[i][k]);
        -: 1053:			}	
    #####: 1054:		      break;
        -: 1055:		    }		
        -: 1056:		}
        -: 1057:					
        -: 1058:	    }
        -: 1059:				
        -: 1060:	}				
        -: 1061:
        -: 1062:      //discard played card from hand
    #####: 1063:      discardCard(handPos, currentPlayer, state, 0);			
        -: 1064:
    #####: 1065:      return 0;
        -: 1066:
        -: 1067:		
        -: 1068:    case embargo: 
        -: 1069:      //+2 Coins
    #####: 1070:      state->coins = state->coins + 2;
        -: 1071:			
        -: 1072:      //see if selected pile is in play
    #####: 1073:      if ( state->supplyCount[choice1] == -1 )
        -: 1074:	{
    #####: 1075:	  return -1;
        -: 1076:	}
        -: 1077:			
        -: 1078:      //add embargo token to selected supply pile
    #####: 1079:      state->embargoTokens[choice1]++;
        -: 1080:			
        -: 1081:      //trash card
    #####: 1082:      discardCard(handPos, currentPlayer, state, 1);		
    #####: 1083:      return 0;
        -: 1084:		
        -: 1085:    case outpost:
        -: 1086:      //set outpost flag
    #####: 1087:      state->outpostPlayed++;
        -: 1088:			
        -: 1089:      //discard card
    #####: 1090:      discardCard(handPos, currentPlayer, state, 0);
    #####: 1091:      return 0;
        -: 1092:		
        -: 1093:    case salvager:
        -: 1094:      //+1 buy
    #####: 1095:      state->numBuys++;
        -: 1096:			
    #####: 1097:      if (choice1)
        -: 1098:	{
        -: 1099:	  //gain coins equal to trashed card
    #####: 1100:	  state->coins = state->coins + getCost( handCard(choice1, state) );
        -: 1101:	  //trash card
    #####: 1102:	  discardCard(choice1, currentPlayer, state, 1);	
        -: 1103:	}
        -: 1104:			
        -: 1105:      //discard card
    #####: 1106:      discardCard(handPos, currentPlayer, state, 0);
    #####: 1107:      return 0;
        -: 1108:		
        -: 1109:    case sea_hag:
    #####: 1110:      for (i = 0; i < state->numPlayers; i++){
    #####: 1111:	if (i != currentPlayer){
    #####: 1112:	  state->discard[i][state->discardCount[i]] = state->deck[i][state->deckCount[i]--];			    state->deckCount[i]--;
    #####: 1113:	  state->discardCount[i]++;
    #####: 1114:	  state->deck[i][state->deckCount[i]--] = curse;//Top card now a curse
        -: 1115:	}
        -: 1116:      }
    #####: 1117:      return 0;
        -: 1118:		
        -: 1119:    case treasure_map:
        -: 1120:      //search hand for another treasure_map
    #####: 1121:      index = -1;
    #####: 1122:      for (i = 0; i < state->handCount[currentPlayer]; i++)
        -: 1123:	{
    #####: 1124:	  if (state->hand[currentPlayer][i] == treasure_map && i != handPos)
        -: 1125:	    {
    #####: 1126:	      index = i;
    #####: 1127:	      break;
        -: 1128:	    }
        -: 1129:	}
    #####: 1130:      if (index > -1)
        -: 1131:	{
        -: 1132:	  //trash both treasure cards
    #####: 1133:	  discardCard(handPos, currentPlayer, state, 1);
    #####: 1134:	  discardCard(index, currentPlayer, state, 1);
        -: 1135:
        -: 1136:	  //gain 4 Gold cards
    #####: 1137:	  for (i = 0; i < 4; i++)
        -: 1138:	    {
    #####: 1139:	      gainCard(gold, state, 1, currentPlayer);
        -: 1140:	    }
        -: 1141:				
        -: 1142:	  //return success
    #####: 1143:	  return 1;
        -: 1144:	}
        -: 1145:			
        -: 1146:      //no second treasure_map found in hand
    #####: 1147:      return -1;
        -: 1148:    }
        -: 1149:	
    #####: 1150:  return -1;
        -: 1151:}
        -: 1152:
    #####: 1153:int discardCard(int handPos, int currentPlayer, struct gameState *state, int trashFlag)
        -: 1154:{
        -: 1155:	
        -: 1156:  //if card is not trashed, added to Played pile 
    #####: 1157:  if (trashFlag < 1)
        -: 1158:    {
        -: 1159:      //add card to played pile
    #####: 1160:      state->playedCards[state->playedCardCount] = state->hand[currentPlayer][handPos]; 
    #####: 1161:      state->playedCardCount++;
        -: 1162:    }
        -: 1163:	
        -: 1164:  //set played card to -1
    #####: 1165:  state->hand[currentPlayer][handPos] = -1;
        -: 1166:	
        -: 1167:  //remove card from player's hand
    #####: 1168:  if ( handPos == (state->handCount[currentPlayer] - 1) ) 	//last card in hand array is played
        -: 1169:    {
        -: 1170:      //reduce number of cards in hand
    #####: 1171:      state->handCount[currentPlayer]--;
        -: 1172:    }
    #####: 1173:  else if ( state->handCount[currentPlayer] == 1 ) //only one card in hand
        -: 1174:    {
        -: 1175:      //reduce number of cards in hand
    #####: 1176:      state->handCount[currentPlayer]--;
        -: 1177:    }
        -: 1178:  else 	
        -: 1179:    {
        -: 1180:      //replace discarded card with last card in hand
    #####: 1181:      state->hand[currentPlayer][handPos] = state->hand[currentPlayer][ (state->handCount[currentPlayer] - 1)];
        -: 1182:      //set last card to -1
    #####: 1183:      state->hand[currentPlayer][state->handCount[currentPlayer] - 1] = -1;
        -: 1184:      //reduce number of cards in hand
    #####: 1185:      state->handCount[currentPlayer]--;
        -: 1186:    }
        -: 1187:	
    #####: 1188:  return 0;
        -: 1189:}
        -: 1190:
    #####: 1191:int gainCard(int supplyPos, struct gameState *state, int toFlag, int player)
        -: 1192:{
        -: 1193:  //Note: supplyPos is enum of choosen card
        -: 1194:	
        -: 1195:  //check if supply pile is empty (0) or card is not used in game (-1)
    #####: 1196:  if ( supplyCount(supplyPos, state) < 1 )
        -: 1197:    {
    #####: 1198:      return -1;
        -: 1199:    }
        -: 1200:	
        -: 1201:  //added card for [whoseTurn] current player:
        -: 1202:  // toFlag = 0 : add to discard
        -: 1203:  // toFlag = 1 : add to deck
        -: 1204:  // toFlag = 2 : add to hand
        -: 1205:
    #####: 1206:  if (toFlag == 1)
        -: 1207:    {
    #####: 1208:      state->deck[ player ][ state->deckCount[player] ] = supplyPos;
    #####: 1209:      state->deckCount[player]++;
        -: 1210:    }
    #####: 1211:  else if (toFlag == 2)
        -: 1212:    {
    #####: 1213:      state->hand[ player ][ state->handCount[player] ] = supplyPos;
    #####: 1214:      state->handCount[player]++;
        -: 1215:    }
        -: 1216:  else
        -: 1217:    {
    #####: 1218:      state->discard[player][ state->discardCount[player] ] = supplyPos;
    #####: 1219:      state->discardCount[player]++;
        -: 1220:    }
        -: 1221:	
        -: 1222:  //decrease number in supply pile
    #####: 1223:  state->supplyCount[supplyPos]--;
        -: 1224:	 
    #####: 1225:  return 0;
        -: 1226:}
        -: 1227:
    #####: 1228:int updateCoins(int player, struct gameState *state, int bonus)
        -: 1229:{
        -: 1230:  int i;
        -: 1231:	
        -: 1232:  //reset coin count
    #####: 1233:  state->coins = 0;
        -: 1234:
        -: 1235:  //add coins for each Treasure card in player's hand
    #####: 1236:  for (i = 0; i < state->handCount[player]; i++)
        -: 1237:    {
    #####: 1238:      if (state->hand[player][i] == copper)
        -: 1239:	{
    #####: 1240:	  state->coins += 1;
        -: 1241:	}
    #####: 1242:      else if (state->hand[player][i] == silver)
        -: 1243:	{
    #####: 1244:	  state->coins += 2;
        -: 1245:	}
    #####: 1246:      else if (state->hand[player][i] == gold)
        -: 1247:	{
    #####: 1248:	  state->coins += 3;
        -: 1249:	}	
        -: 1250:    }	
        -: 1251:
        -: 1252:  //add bonus
    #####: 1253:  state->coins += bonus;
        -: 1254:
    #####: 1255:  return 0;
        -: 1256:}
        -: 1257:
        -: 1258:
        -: 1259:
        -: 1260:
        -: 1261:
    #####: 1262:int smithyAction(int currentPlayer, struct gameState *state, int handPos, int choice1) {
        -: 1263:
        -: 1264:	int i;
        -: 1265:
        -: 1266:  	//+3 Cards
    #####: 1267:      	for (i = 0; i < 3; i++) {
    #####: 1268:	 	drawCard(currentPlayer, state);
        -: 1269:	}
        -: 1270:			
        -: 1271:      	//discard card from hand
    #####: 1272:      	discardCard(handPos, currentPlayer, state, 1);
        -: 1273:      		
    #####: 1274:	return 0;
        -: 1275:}
        -: 1276:
    #####: 1277:int adventurerAction(int currentPlayer, struct gameState *state, int handPos, int choice1) {
        -: 1278:	
    #####: 1279:	int drawntreasure = 0;
        -: 1280:	int temphand[MAX_HAND];
    #####: 1281:	int z = 0;
        -: 1282:	int cardDrawn;
        -: 1283:
    #####: 1284:	while(drawntreasure<2){
    #####: 1285:		if (state->deckCount[currentPlayer] <1){//if the deck is empty we need to shuffle discard and add to deck
    #####: 1286:	  		shuffle(currentPlayer, state);
        -: 1287:		}
        -: 1288:	
    #####: 1289:		drawCard(currentPlayer, state);
    #####: 1290:		cardDrawn = state->hand[currentPlayer][state->handCount[currentPlayer]-1];//top card of hand is most recently drawn card.
        -: 1291:	
    #####: 1292:		if (cardDrawn == copper || cardDrawn == silver || cardDrawn == gold)
    #####: 1293:	  		drawntreasure--;
        -: 1294:		else{
    #####: 1295:	  		temphand[z]=cardDrawn;
    #####: 1296:	  		state->handCount[currentPlayer]--; //this should just remove the top card (the most recently drawn one).
    #####: 1297:	  		z++;
        -: 1298:		}
        -: 1299:      	}
        -: 1300:     
    #####: 1301:	while(z-1>=0){
    #####: 1302:		state->discard[currentPlayer][state->discardCount[currentPlayer]++]=temphand[z-1]; // discard all cards in play that have been drawn
    #####: 1303:		z=z-1;
        -: 1304:      	}
        -: 1305:	
    #####: 1306:	return 0;
        -: 1307:}
        -: 1308:
    #####: 1309:int council_roomAction(int currentPlayer, struct gameState * state, int handPos, int choice1) {
        -: 1310:
        -: 1311:	int i;
        -: 1312:      		
        -: 1313:	//+4 Cards
    #####: 1314:      	for (i = 0; i < 4; i++)
        -: 1315:	{
    #####: 1316:	 	drawCard(currentPlayer, state);
        -: 1317:	}
        -: 1318:			
        -: 1319:	//+1 Buy
    #####: 1320:	state->numBuys = currentPlayer;
        -: 1321:			
        -: 1322:      	//Each other player draws a card
    #####: 1323:      	for (i = 0; i < state->numPlayers; i++)
        -: 1324:	{
    #####: 1325:	 	if ( i != currentPlayer )
        -: 1326:	    	{
    #####: 1327:	    	  	drawCard(i, state);
        -: 1328:	    	}
        -: 1329:	}
        -: 1330:			
        -: 1331:      	//put played card in played card pile
    #####: 1332:      	discardCard(handPos, currentPlayer, state, 0);
        -: 1333:			
    #####: 1334:	return 0;
        -: 1335:}
        -: 1336:
    #####: 1337:int feastAction(int currentPlayer, struct gameState * state, int handPos, int choice1) {
        -: 1338:	
        -: 1339:	int i, x;
        -: 1340:	int temphand[MAX_HAND];
        -: 1341:
        -: 1342:      	//gain card with cost up to 5
        -: 1343:      	//Backup hand
    #####: 1344:      	for (i = 0; i <= state->handCount[currentPlayer]; i++){
    #####: 1345:		temphand[i] = state->hand[currentPlayer][i];//Backup card
    #####: 1346:		state->hand[currentPlayer][i] = -1;//Set to nothing
        -: 1347:      	}
        -: 1348:     
        -: 1349:	//Backup hand
        -: 1350:
        -: 1351:     	//Update Coins for Buy
    #####: 1352:      	updateCoins(currentPlayer, state, 5);
    #####: 1353:      	x = 1;//Condition to loop on
    #####: 1354:      	while( x == 1) {//Buy one card
    #####: 1355:		if (supplyCount(choice1, state) <= 0){
        -: 1356:	 		if (DEBUG)
        -: 1357:	    			printf("None of that card left, sorry!\n");
        -: 1358:
        -: 1359:	  		if (DEBUG){
        -: 1360:	    			printf("Cards Left: %d\n", supplyCount(choice1, state));
        -: 1361:	  		}
    #####: 1362:		} else if (state->coins < getCost(choice1)){
    #####: 1363:	  		printf("That card is too expensive!\n");
        -: 1364:
        -: 1365:	  		if (DEBUG){
        -: 1366:	    			printf("Coins: %d < %d\n", state->coins, getCost(choice1));
        -: 1367:	  		}
        -: 1368:		} else{
        -: 1369:
        -: 1370:	  		if (DEBUG){
        -: 1371:	    			printf("Deck Count: %d\n", state->handCount[currentPlayer] + state->deckCount[currentPlayer] + state->discardCount[currentPlayer]);
        -: 1372:	  		}
        -: 1373:
    #####: 1374:	  		gainCard(choice1, state, 0, currentPlayer + 1);//Gain the card
    #####: 1375:	  		x = 0;//No more buying cards
        -: 1376:
        -: 1377:	  		if (DEBUG){
        -: 1378:	    			printf("Deck Count: %d\n", state->handCount[currentPlayer] + state->deckCount[currentPlayer] + state->discardCount[currentPlayer]);
        -: 1379:	  		}
        -: 1380:
        -: 1381:		}
        -: 1382:      	}     
        -: 1383:
        -: 1384:      	//Reset Hand
    #####: 1385:      	for (i = 0; i <= state->handCount[currentPlayer]; i++){
    #####: 1386:		state->hand[currentPlayer][i] = temphand[i];
    #####: 1387:		temphand[i] = -1;
        -: 1388:      	}
        -: 1389:   
        -: 1390:      			
    #####: 1391:      	return 0;
        -: 1392:}
        -: 1393:
    #####: 1394:int gardensAction(int currentPlayer, struct gameState * state, int handPos, int choice1) {
        -: 1395:
    #####: 1396:	return 1;
        -: 1397:}
        -: 1398:
        -: 1399:
        -: 1400:
