        -:    0:Source:dominion.c
        -:    0:Graph:dominion.gcno
        -:    0:Data:dominion.gcda
        -:    0:Runs:1
        -:    0:Programs:1
        -:    1:#include "dominion.h"
        -:    2:#include "dominion_helpers.h"
        -:    3:#include "rngs.h"
        -:    4:#include <stdio.h>
        -:    5:#include <math.h>
        -:    6:#include <stdlib.h>
        -:    7:
    #####:    8:int compare(const void* a, const void* b) {
    #####:    9:  if (*(int*)a > *(int*)b)
    #####:   10:    return 1;
    #####:   11:  if (*(int*)a < *(int*)b)
    #####:   12:    return -1;
    #####:   13:  return 0;
        -:   14:}
        -:   15:
      100:   16:struct gameState* newGame() {
      100:   17:  struct gameState* g = malloc(sizeof(struct gameState));
      100:   18:  return g;
        -:   19:}
        -:   20:
    #####:   21:int* kingdomCards(int k1, int k2, int k3, int k4, int k5, int k6, int k7,
        -:   22:		  int k8, int k9, int k10) {
    #####:   23:  int* k = malloc(10 * sizeof(int));
    #####:   24:  k[0] = k1;
    #####:   25:  k[1] = k2;
    #####:   26:  k[2] = k3;
    #####:   27:  k[3] = k4;
    #####:   28:  k[4] = k5;
    #####:   29:  k[5] = k6;
    #####:   30:  k[6] = k7;
    #####:   31:  k[7] = k8;
    #####:   32:  k[8] = k9;
    #####:   33:  k[9] = k10;
    #####:   34:  return k;
        -:   35:}
        -:   36:
    #####:   37:int initializeGame(int numPlayers, int kingdomCards[10], int randomSeed,
        -:   38:		   struct gameState *state) {
        -:   39:
        -:   40:  int i;
        -:   41:  int j;
        -:   42:  int it;			
        -:   43:  //set up random number generator
    #####:   44:  SelectStream(1);
    #####:   45:  PutSeed((long)randomSeed);
        -:   46:
        -:   47:  //check number of players
    #####:   48:  if (numPlayers > MAX_PLAYERS || numPlayers < 2)
        -:   49:    {
    #####:   50:      return -1;
        -:   51:    }
        -:   52:
        -:   53:  //set number of players
    #####:   54:  state->numPlayers = numPlayers;
        -:   55:
        -:   56:  //check selected kingdom cards are different
    #####:   57:  for (i = 0; i < 10; i++)
        -:   58:    {
    #####:   59:      for (j = 0; j < 10; j++)
        -:   60:        {
    #####:   61:	  if (j != i && kingdomCards[j] == kingdomCards[i])
        -:   62:	    {
    #####:   63:	      return -1;
        -:   64:	    }
        -:   65:        }
        -:   66:    }
        -:   67:
        -:   68:
        -:   69:  //initialize supply
        -:   70:  ///////////////////////////////
        -:   71:
        -:   72:  //set number of Curse cards
    #####:   73:  if (numPlayers == 2)
        -:   74:    {
    #####:   75:      state->supplyCount[curse] = 10;
        -:   76:    }
    #####:   77:  else if (numPlayers == 3)
        -:   78:    {
    #####:   79:      state->supplyCount[curse] = 20;
        -:   80:    }
        -:   81:  else
        -:   82:    {
    #####:   83:      state->supplyCount[curse] = 30;
        -:   84:    }
        -:   85:
        -:   86:  //set number of Victory cards
    #####:   87:  if (numPlayers == 2)
        -:   88:    {
    #####:   89:      state->supplyCount[estate] = 8;
    #####:   90:      state->supplyCount[duchy] = 8;
    #####:   91:      state->supplyCount[province] = 8;
        -:   92:    }
        -:   93:  else
        -:   94:    {
    #####:   95:      state->supplyCount[estate] = 12;
    #####:   96:      state->supplyCount[duchy] = 12;
    #####:   97:      state->supplyCount[province] = 12;
        -:   98:    }
        -:   99:
        -:  100:  //set number of Treasure cards
    #####:  101:  state->supplyCount[copper] = 60 - (7 * numPlayers);
    #####:  102:  state->supplyCount[silver] = 40;
    #####:  103:  state->supplyCount[gold] = 30;
        -:  104:
        -:  105:  //set number of Kingdom cards
    #####:  106:  for (i = adventurer; i <= treasure_map; i++)       	//loop all cards
        -:  107:    {
    #####:  108:      for (j = 0; j < 10; j++)           		//loop chosen cards
        -:  109:	{
    #####:  110:	  if (kingdomCards[j] == i)
        -:  111:	    {
        -:  112:	      //check if card is a 'Victory' Kingdom card
    #####:  113:	      if (kingdomCards[j] == great_hall || kingdomCards[j] == gardens)
        -:  114:		{
    #####:  115:		  if (numPlayers == 2){ 
    #####:  116:		    state->supplyCount[i] = 8; 
        -:  117:		  }
    #####:  118:		  else{ state->supplyCount[i] = 12; }
        -:  119:		}
        -:  120:	      else
        -:  121:		{
    #####:  122:		  state->supplyCount[i] = 10;
        -:  123:		}
    #####:  124:	      break;
        -:  125:	    }
        -:  126:	  else    //card is not in the set choosen for the game
        -:  127:	    {
    #####:  128:	      state->supplyCount[i] = -1;
        -:  129:	    }
        -:  130:	}
        -:  131:
        -:  132:    }
        -:  133:
        -:  134:  ////////////////////////
        -:  135:  //supply intilization complete
        -:  136:
        -:  137:  //set player decks
    #####:  138:  for (i = 0; i < numPlayers; i++)
        -:  139:    {
    #####:  140:      state->deckCount[i] = 0;
    #####:  141:      for (j = 0; j < 3; j++)
        -:  142:	{
    #####:  143:	  state->deck[i][j] = estate;
    #####:  144:	  state->deckCount[i]++;
        -:  145:	}
    #####:  146:      for (j = 3; j < 10; j++)
        -:  147:	{
    #####:  148:	  state->deck[i][j] = copper;
    #####:  149:	  state->deckCount[i]++;		
        -:  150:	}
        -:  151:    }
        -:  152:
        -:  153:  //shuffle player decks
    #####:  154:  for (i = 0; i < numPlayers; i++)
        -:  155:    {
    #####:  156:      if ( shuffle(i, state) < 0 )
        -:  157:	{
    #####:  158:	  return -1;
        -:  159:	}
        -:  160:    }
        -:  161:
        -:  162:  //draw player hands
    #####:  163:  for (i = 0; i < numPlayers; i++)
        -:  164:    {  
        -:  165:      //initialize hand size to zero
    #####:  166:      state->handCount[i] = 0;
    #####:  167:      state->discardCount[i] = 0;
        -:  168:      //draw 5 cards
        -:  169:      // for (j = 0; j < 5; j++)
        -:  170:      //	{
        -:  171:      //	  drawCard(i, state);
        -:  172:      //	}
        -:  173:    }
        -:  174:
        -:  175:  //set embargo tokens to 0 for all supply piles
    #####:  176:  for (i = 0; i <= treasure_map; i++)
        -:  177:    {
    #####:  178:      state->embargoTokens[i] = 0;
        -:  179:    }
        -:  180:
        -:  181:  //initialize first player's turn
    #####:  182:  state->outpostPlayed = 0;
    #####:  183:  state->phase = 0;
    #####:  184:  state->numActions = 1;
    #####:  185:  state->numBuys = 1;
    #####:  186:  state->playedCardCount = 0;
    #####:  187:  state->whoseTurn = 0;
    #####:  188:  state->handCount[state->whoseTurn] = 0;
        -:  189:  //int it; move to top
        -:  190:
        -:  191:  //Moved draw cards to here, only drawing at the start of a turn
    #####:  192:  for (it = 0; it < 5; it++){
    #####:  193:    drawCard(state->whoseTurn, state);
        -:  194:  }
        -:  195:
    #####:  196:  updateCoins(state->whoseTurn, state, 0);
        -:  197:
    #####:  198:  return 0;
        -:  199:}
        -:  200:
        1:  201:int shuffle(int player, struct gameState *state) {
        -:  202:
        -:  203:
        -:  204:  int newDeck[MAX_DECK];
        1:  205:  int newDeckPos = 0;
        -:  206:  int card;
        -:  207:  int i;
        -:  208:
        1:  209:  if (state->deckCount[player] < 1)
        1:  210:    return -1;
    #####:  211:  qsort ((void*)(state->deck[player]), state->deckCount[player], sizeof(int), compare); 
        -:  212:  /* SORT CARDS IN DECK TO ENSURE DETERMINISM! */
        -:  213:
    #####:  214:  while (state->deckCount[player] > 0) {
    #####:  215:    card = floor(Random() * state->deckCount[player]);
    #####:  216:    newDeck[newDeckPos] = state->deck[player][card];
    #####:  217:    newDeckPos++;
    #####:  218:    for (i = card; i < state->deckCount[player]-1; i++) {
    #####:  219:      state->deck[player][i] = state->deck[player][i+1];
        -:  220:    }
    #####:  221:    state->deckCount[player]--;
        -:  222:  }
    #####:  223:  for (i = 0; i < newDeckPos; i++) {
    #####:  224:    state->deck[player][i] = newDeck[i];
    #####:  225:    state->deckCount[player]++;
        -:  226:  }
        -:  227:
    #####:  228:  return 0;
        -:  229:}
        -:  230:
    #####:  231:int playCard(int handPos, int choice1, int choice2, int choice3, struct gameState *state) 
        -:  232:{	
        -:  233:  int card;
    #####:  234:  int coin_bonus = 0; 		//tracks coins gain from actions
        -:  235:
        -:  236:  //check if it is the right phase
    #####:  237:  if (state->phase != 0)
        -:  238:    {
    #####:  239:      return -1;
        -:  240:    }
        -:  241:
        -:  242:  //check if player has enough actions
    #####:  243:  if ( state->numActions < 1 )
        -:  244:    {
    #####:  245:      return -1;
        -:  246:    }
        -:  247:
        -:  248:  //get card played
    #####:  249:  card = handCard(handPos, state);
        -:  250:
        -:  251:  //check if selected card is an action
    #####:  252:  if ( card < adventurer || card > treasure_map )
        -:  253:    {
    #####:  254:      return -1;
        -:  255:    }
        -:  256:
        -:  257:  //play card
    #####:  258:  if ( cardEffect(card, choice1, choice2, choice3, state, handPos, &coin_bonus) < 0 )
        -:  259:    {
    #####:  260:      return -1;
        -:  261:    }
        -:  262:
        -:  263:  //reduce number of actions
    #####:  264:  state->numActions--;
        -:  265:
        -:  266:  //update coins (Treasure cards may be added with card draws)
    #####:  267:  updateCoins(state->whoseTurn, state, coin_bonus);
        -:  268:
    #####:  269:  return 0;
        -:  270:}
        -:  271:
    #####:  272:int buyCard(int supplyPos, struct gameState *state) {
        -:  273:  int who;
        -:  274:  if (DEBUG){
        -:  275:    printf("Entering buyCard...\n");
        -:  276:  }
        -:  277:
        -:  278:  // I don't know what to do about the phase thing.
        -:  279:
    #####:  280:  who = state->whoseTurn;
        -:  281:
    #####:  282:  if (state->numBuys < 1){
        -:  283:    if (DEBUG)
        -:  284:      printf("You do not have any buys left\n");
    #####:  285:    return -1;
    #####:  286:  } else if (supplyCount(supplyPos, state) <1){
        -:  287:    if (DEBUG)
        -:  288:      printf("There are not any of that type of card left\n");
    #####:  289:    return -1;
    #####:  290:  } else if (state->coins < getCost(supplyPos)){
        -:  291:    if (DEBUG) 
        -:  292:      printf("You do not have enough money to buy that. You have %d coins.\n", state->coins);
    #####:  293:    return -1;
        -:  294:  } else {
    #####:  295:    state->phase=1;
        -:  296:    //state->supplyCount[supplyPos]--;
    #####:  297:    gainCard(supplyPos, state, 0, who); //card goes in discard, this might be wrong.. (2 means goes into hand, 0 goes into discard)
        -:  298:
    #####:  299:    state->coins = (state->coins) - (getCost(supplyPos));
    #####:  300:    state->numBuys--;
        -:  301:    if (DEBUG)
        -:  302:      printf("You bought card number %d for %d coins. You now have %d buys and %d coins.\n", supplyPos, getCost(supplyPos), state->numBuys, state->coins);
        -:  303:  }
        -:  304:
        -:  305:  //state->discard[who][state->discardCount[who]] = supplyPos;
        -:  306:  //state->discardCount[who]++;
        -:  307:
    #####:  308:  return 0;
        -:  309:}
        -:  310:
    #####:  311:int numHandCards(struct gameState *state) {
    #####:  312:  return state->handCount[ whoseTurn(state) ];
        -:  313:}
        -:  314:
    #####:  315:int handCard(int handPos, struct gameState *state) {
    #####:  316:  int currentPlayer = whoseTurn(state);
    #####:  317:  return state->hand[currentPlayer][handPos];
        -:  318:}
        -:  319:
    #####:  320:int supplyCount(int card, struct gameState *state) {
    #####:  321:  return state->supplyCount[card];
        -:  322:}
        -:  323:
    #####:  324:int fullDeckCount(int player, int card, struct gameState *state) {
        -:  325:  int i;
    #####:  326:  int count = 0;
        -:  327:
    #####:  328:  for (i = 0; i < state->deckCount[player]; i++)
        -:  329:    {
    #####:  330:      if (state->deck[player][i] == card) count++;
        -:  331:    }
        -:  332:
    #####:  333:  for (i = 0; i < state->handCount[player]; i++)
        -:  334:    {
    #####:  335:      if (state->hand[player][i] == card) count++;
        -:  336:    }
        -:  337:
    #####:  338:  for (i = 0; i < state->discardCount[player]; i++)
        -:  339:    {
    #####:  340:      if (state->discard[player][i] == card) count++;
        -:  341:    }
        -:  342:
    #####:  343:  return count;
        -:  344:}
        -:  345:
      100:  346:int whoseTurn(struct gameState *state) {
      100:  347:  return state->whoseTurn;
        -:  348:}
        -:  349:
    #####:  350:int endTurn(struct gameState *state) {
        -:  351:  int k;
        -:  352:  int i;
    #####:  353:  int currentPlayer = whoseTurn(state);
        -:  354:
        -:  355:  //Discard hand
    #####:  356:  for (i = 0; i < state->handCount[currentPlayer]; i++){
    #####:  357:    state->discard[currentPlayer][state->discardCount[currentPlayer]++] = state->hand[currentPlayer][i];//Discard
    #####:  358:    state->hand[currentPlayer][i] = -1;//Set card to -1
        -:  359:  }
    #####:  360:  state->handCount[currentPlayer] = 0;//Reset hand count
        -:  361:
        -:  362:  //Code for determining the player
    #####:  363:  if (currentPlayer < (state->numPlayers - 1)){ 
    #####:  364:    state->whoseTurn = currentPlayer + 1;//Still safe to increment
        -:  365:  }
        -:  366:  else{
    #####:  367:    state->whoseTurn = 0;//Max player has been reached, loop back around to player 1
        -:  368:  }
        -:  369:
    #####:  370:  state->outpostPlayed = 0;
    #####:  371:  state->phase = 0;
    #####:  372:  state->numActions = 1;
    #####:  373:  state->coins = 0;
    #####:  374:  state->numBuys = 1;
    #####:  375:  state->playedCardCount = 0;
    #####:  376:  state->handCount[state->whoseTurn] = 0;
        -:  377:
        -:  378:  //int k; move to top
        -:  379:  //Next player draws hand
    #####:  380:  for (k = 0; k < 5; k++){
    #####:  381:    drawCard(state->whoseTurn, state);//Draw a card
        -:  382:  }
        -:  383:
        -:  384:  //Update money
    #####:  385:  updateCoins(state->whoseTurn, state , 0);
        -:  386:
    #####:  387:  return 0;
        -:  388:}
        -:  389:
    #####:  390:int isGameOver(struct gameState *state) {
        -:  391:  int i;
        -:  392:  int j;
        -:  393:
        -:  394:  //if stack of Province cards is empty, the game ends
    #####:  395:  if (state->supplyCount[province] == 0)
        -:  396:    {
    #####:  397:      return 1;
        -:  398:    }
        -:  399:
        -:  400:  //if three supply pile are at 0, the game ends
    #####:  401:  j = 0;
    #####:  402:  for (i = 0; i < 25; i++)
        -:  403:    {
    #####:  404:      if (state->supplyCount[i] == 0)
        -:  405:	{
    #####:  406:	  j++;
        -:  407:	}
        -:  408:    }
    #####:  409:  if ( j >= 3)
        -:  410:    {
    #####:  411:      return 1;
        -:  412:    }
        -:  413:
    #####:  414:  return 0;
        -:  415:}
        -:  416:
    #####:  417:int scoreFor (int player, struct gameState *state) {
        -:  418:
        -:  419:  int i;
    #####:  420:  int score = 0;
        -:  421:  //score from hand
    #####:  422:  for (i = 0; i < state->handCount[player]; i++)
        -:  423:    {
    #####:  424:      if (state->hand[player][i] == curse) { score = score - 1; };
    #####:  425:      if (state->hand[player][i] == estate) { score = score + 1; };
    #####:  426:      if (state->hand[player][i] == duchy) { score = score + 3; };
    #####:  427:      if (state->hand[player][i] == province) { score = score + 6; };
    #####:  428:      if (state->hand[player][i] == great_hall) { score = score + 1; };
    #####:  429:      if (state->hand[player][i] == gardens) { score = score + ( fullDeckCount(player, 0, state) / 10 ); };
        -:  430:    }
        -:  431:
        -:  432:  //score from discard
    #####:  433:  for (i = 0; i < state->discardCount[player]; i++)
        -:  434:    {
    #####:  435:      if (state->discard[player][i] == curse) { score = score - 1; };
    #####:  436:      if (state->discard[player][i] == estate) { score = score + 1; };
    #####:  437:      if (state->discard[player][i] == duchy) { score = score + 3; };
    #####:  438:      if (state->discard[player][i] == province) { score = score + 6; };
    #####:  439:      if (state->discard[player][i] == great_hall) { score = score + 1; };
    #####:  440:      if (state->discard[player][i] == gardens) { score = score + ( fullDeckCount(player, 0, state) / 10 ); };
        -:  441:    }
        -:  442:
        -:  443:  //score from deck
    #####:  444:  for (i = 0; i < state->discardCount[player]; i++)
        -:  445:    {
    #####:  446:      if (state->deck[player][i] == curse) { score = score - 1; };
    #####:  447:      if (state->deck[player][i] == estate) { score = score + 1; };
    #####:  448:      if (state->deck[player][i] == duchy) { score = score + 3; };
    #####:  449:      if (state->deck[player][i] == province) { score = score + 6; };
    #####:  450:      if (state->deck[player][i] == great_hall) { score = score + 1; };
    #####:  451:      if (state->deck[player][i] == gardens) { score = score + ( fullDeckCount(player, 0, state) / 10 ); };
        -:  452:    }
        -:  453:
    #####:  454:  return score;
        -:  455:}
        -:  456:
    #####:  457:int getWinners(int players[MAX_PLAYERS], struct gameState *state) {
        -:  458:  int i;	
        -:  459:  int j;
        -:  460:  int highScore;
        -:  461:  int currentPlayer;
        -:  462:
        -:  463:  //get score for each player
    #####:  464:  for (i = 0; i < MAX_PLAYERS; i++)
        -:  465:    {
        -:  466:      //set unused player scores to -9999
    #####:  467:      if (i >= state->numPlayers)
        -:  468:	{
    #####:  469:	  players[i] = -9999;
        -:  470:	}
        -:  471:      else
        -:  472:	{
    #####:  473:	  players[i] = scoreFor (i, state);
        -:  474:	}
        -:  475:    }
        -:  476:
        -:  477:  //find highest score
    #####:  478:  j = 0;
    #####:  479:  for (i = 0; i < MAX_PLAYERS; i++)
        -:  480:    {
    #####:  481:      if (players[i] > players[j])
        -:  482:	{
    #####:  483:	  j = i;
        -:  484:	}
        -:  485:    }
    #####:  486:  highScore = players[j];
        -:  487:
        -:  488:  //add 1 to players who had less turns
    #####:  489:  currentPlayer = whoseTurn(state);
    #####:  490:  for (i = 0; i < MAX_PLAYERS; i++)
        -:  491:    {
    #####:  492:      if ( players[i] == highScore && i > currentPlayer )
        -:  493:	{
    #####:  494:	  players[i]++;
        -:  495:	}
        -:  496:    }
        -:  497:
        -:  498:  //find new highest score
    #####:  499:  j = 0;
    #####:  500:  for (i = 0; i < MAX_PLAYERS; i++)
        -:  501:    {
    #####:  502:      if ( players[i] > players[j] )
        -:  503:	{
    #####:  504:	  j = i;
        -:  505:	}
        -:  506:    }
    #####:  507:  highScore = players[j];
        -:  508:
        -:  509:  //set winners in array to 1 and rest to 0
    #####:  510:  for (i = 0; i < MAX_PLAYERS; i++)
        -:  511:    {
    #####:  512:      if ( players[i] == highScore )
        -:  513:	{
    #####:  514:	  players[i] = 1;
        -:  515:	}
        -:  516:      else
        -:  517:	{
    #####:  518:	  players[i] = 0;
        -:  519:	}
        -:  520:    }
        -:  521:
    #####:  522:  return 0;
        -:  523:}
        -:  524:
      450:  525:int drawCard(int player, struct gameState *state)
        -:  526:{	int count;
        -:  527:  int deckCounter;
      450:  528:  if (state->deckCount[player] <= 0){//Deck is empty
        -:  529:
        -:  530:    //Step 1 Shuffle the discard pile back into a deck
        -:  531:    int i;
        -:  532:    //Move discard to deck
    #####:  533:    for (i = 0; i < state->discardCount[player];i++){
    #####:  534:      state->deck[player][i] = state->discard[player][i];
    #####:  535:      state->discard[player][i] = -1;
        -:  536:    }
        -:  537:
    #####:  538:    state->deckCount[player] = state->discardCount[player];
    #####:  539:    state->discardCount[player] = 0;//Reset discard
        -:  540:
        -:  541:    //Shufffle the deck
    #####:  542:    shuffle(player, state);//Shuffle the deck up and make it so that we can draw
        -:  543:
        -:  544:    if (DEBUG){//Debug statements
        -:  545:      printf("Deck count now: %d\n", state->deckCount[player]);
        -:  546:    }
        -:  547:
    #####:  548:    state->discardCount[player] = 0;
        -:  549:
        -:  550:    //Step 2 Draw Card
    #####:  551:    count = state->handCount[player];//Get current player's hand count
        -:  552:
        -:  553:    if (DEBUG){//Debug statements
        -:  554:      printf("Current hand count: %d\n", count);
        -:  555:    }
        -:  556:
    #####:  557:    deckCounter = state->deckCount[player];//Create a holder for the deck count
        -:  558:
    #####:  559:    if (deckCounter == 0)
    #####:  560:      return -1;
        -:  561:
    #####:  562:    state->hand[player][count] = state->deck[player][deckCounter - 1];//Add card to hand
    #####:  563:    state->deckCount[player]--;
    #####:  564:    state->handCount[player]++;//Increment hand count
        -:  565:  }
        -:  566:
        -:  567:  else{
      450:  568:    int count = state->handCount[player];//Get current hand count for player
        -:  569:    int deckCounter;
        -:  570:    if (DEBUG){//Debug statements
        -:  571:      printf("Current hand count: %d\n", count);
        -:  572:    }
        -:  573:
      450:  574:    deckCounter = state->deckCount[player];//Create holder for the deck count
      450:  575:    state->hand[player][count] = state->deck[player][deckCounter - 1];//Add card to the hand
      450:  576:    state->deckCount[player]--;
      450:  577:    state->handCount[player]++;//Increment hand count
        -:  578:  }
        -:  579:
      450:  580:  return 0;
        -:  581:}
        -:  582:
    #####:  583:int getCost(int cardNumber)
        -:  584:{
    #####:  585:  switch( cardNumber ) 
        -:  586:    {
        -:  587:    case curse:
    #####:  588:      return 0;
        -:  589:    case estate:
    #####:  590:      return 2;
        -:  591:    case duchy:
    #####:  592:      return 5;
        -:  593:    case province:
    #####:  594:      return 8;
        -:  595:    case copper:
    #####:  596:      return 0;
        -:  597:    case silver:
    #####:  598:      return 3;
        -:  599:    case gold:
    #####:  600:      return 6;
        -:  601:    case adventurer:
    #####:  602:      return 6;
        -:  603:    case council_room:
    #####:  604:      return 5;
        -:  605:    case feast:
    #####:  606:      return 4;
        -:  607:    case gardens:
    #####:  608:      return 4;
        -:  609:    case mine:
    #####:  610:      return 5;
        -:  611:    case remodel:
    #####:  612:      return 4;
        -:  613:    case smithy:
    #####:  614:      return 4;
        -:  615:    case village:
    #####:  616:      return 3;
        -:  617:    case baron:
    #####:  618:      return 4;
        -:  619:    case great_hall:
    #####:  620:      return 3;
        -:  621:    case minion:
    #####:  622:      return 5;
        -:  623:    case steward:
    #####:  624:      return 3;
        -:  625:    case tribute:
    #####:  626:      return 5;
        -:  627:    case ambassador:
    #####:  628:      return 3;
        -:  629:    case cutpurse:
    #####:  630:      return 4;
        -:  631:    case embargo: 
    #####:  632:      return 2;
        -:  633:    case outpost:
    #####:  634:      return 5;
        -:  635:    case salvager:
    #####:  636:      return 4;
        -:  637:    case sea_hag:
    #####:  638:      return 4;
        -:  639:    case treasure_map:
    #####:  640:      return 4;
        -:  641:    }
        -:  642:
    #####:  643:  return -1;
        -:  644:}
        -:  645:
        -:  646:/**
        -:  647: * Play Adventurer Card
        -:  648: * Given a player id and a game state, this function will act out the effect of that player
        -:  649: * using an adventurer card
        -:  650: */
      100:  651:int doAdventurerEffect(int handPos, int currentPlayer, struct gameState *state) {
      100:  652:  int z = 0;
      100:  653:  int drawntreasure = 0;
        -:  654:  int temphand[MAX_HAND];
        -:  655:  int cardDrawn;
        -:  656:
      650:  657:  while (drawntreasure < 2) {
      450:  658:    drawCard(currentPlayer, state);
        -:  659:
        -:  660:    //if the deck is empty we need to shuffle discard and add to deck
      450:  661:    if (state->deckCount[currentPlayer] < 1) {
        1:  662:      shuffle(currentPlayer, state);
        -:  663:    }
        -:  664:    //top card of hand is most recently drawn card.
      450:  665:    cardDrawn = state->hand[currentPlayer][state->handCount[currentPlayer] - 1];
      450:  666:    if (cardDrawn == copper || cardDrawn == silver || cardDrawn == gold) {
      200:  667:      drawntreasure++;
        -:  668:    } else {
      250:  669:      temphand[++z] = cardDrawn;
        -:  670:      // this should just remove the top card (the most recently drawn one).
      250:  671:      state->handCount[currentPlayer]--;
        -:  672:    }
        -:  673:  }
        -:  674:
      450:  675:  while (z - 1 >= 0) {
        -:  676:    // discard all cards in play that have been drawn
      250:  677:    state->discard[currentPlayer][state->discardCount[currentPlayer]++] = temphand[z - 1];
      250:  678:    z = z - 1;
        -:  679:  }
        -:  680:
      100:  681:  discardCard(currentPlayer, handPos, state, 0);
        -:  682:	
        -:  683:
      100:  684:  return 0;
        -:  685:}
        -:  686:
        -:  687:/**
        -:  688: * Play Smithy Card
        -:  689: * Given a players hand position, a player id and a game state, this function will
        -:  690: * act out the effect of that player using a smithy card
        -:  691: */
    #####:  692:int doSmithyEffect(int handPos, int currentPlayer, struct gameState *state) {
        -:  693:  int i;
        -:  694:
        -:  695:  // +3 Cards
    #####:  696:  for (i = 0; i < 3; i++) {
    #####:  697:    drawCard(currentPlayer, state);
        -:  698:  }
        -:  699:
        -:  700:  //discard card from hand
    #####:  701:  discardCard(handPos, currentPlayer, state, 0);
        -:  702:
    #####:  703:  return 0;
        -:  704:}
        -:  705:
        -:  706:/**
        -:  707: * Play Council Room Card
        -:  708: * Given a players hand position, a player id and a game state, this function will
        -:  709: * act out the effect of that player using a council room card
        -:  710: */
    #####:  711:int doCouncilRoomEffect(int handPos, int currentPlayer, struct gameState *state) {
        -:  712:  int i;
        -:  713:
        -:  714:  //+4 Cards
    #####:  715:  for (i = 0; i < 4; i++) {
    #####:  716:    drawCard(currentPlayer, state);
        -:  717:  }
        -:  718:
        -:  719:  //+1 Buy
    #####:  720:  state->numBuys++;
        -:  721:
        -:  722:  //Each other player draws a card
    #####:  723:  for (i = 0; i < state->numPlayers; i++) {
    #####:  724:    drawCard(i, state);
        -:  725:  }
        -:  726:
        -:  727:  //put played card in played card pile
    #####:  728:  discardCard(handPos, currentPlayer, state, 0);
        -:  729:
    #####:  730:  return 0;
        -:  731:}
        -:  732:
        -:  733:/**
        -:  734: * Play Village Card
        -:  735: * Given a players hand position, a player id and a game state, this function will
        -:  736: * act out the effect of that player using a village card
        -:  737: */
    #####:  738:int doVillageEffect(int handPos, int currentPlayer, struct gameState *state) {
        -:  739:  //+1 Card
    #####:  740:  drawCard(currentPlayer, state);
        -:  741:
        -:  742:  //+2 Actions
    #####:  743:  state->numActions = state->numActions + 2;
        -:  744:
        -:  745:  //discard played card from hand
    #####:  746:  discardCard(currentPlayer, handPos, state, 0);
        -:  747:
    #####:  748:  return 0;
        -:  749:}
        -:  750:
        -:  751:/**
        -:  752: * Play Baron Card
        -:  753: * Given an integer choice option, a players hand position, a player id and a game
        -:  754: * state, this function will act out the effect of that player using a baron card
        -:  755: */
    #####:  756:int doBaronEffect(int choice1, int currentPlayer, struct gameState *state) {
        -:  757:  int p;
        -:  758:  int cardNotDiscarded;
        -:  759:
        -:  760:  // Increase buys by 1!
    #####:  761:  state->numBuys++;
        -:  762:
        -:  763:  // Boolean true or going to discard an estate
    #####:  764:  if (choice1 > 0) {
        -:  765:    // Iterator for hand!
    #####:  766:    p = 0;
        -:  767:    // Flag for discard set!
    #####:  768:    cardNotDiscarded = 1;
        -:  769:
    #####:  770:    while (cardNotDiscarded) {
        -:  771:      // Found an estate card!
    #####:  772:      if (state->hand[currentPlayer][p] == estate) {
        -:  773:        // Add 4 coins to the amount of coins
    #####:  774:        state->coins += 4;
    #####:  775:        state->discard[currentPlayer][state->discardCount[currentPlayer]] = state->hand[currentPlayer][p];
    #####:  776:        state->discardCount[currentPlayer]++;
        -:  777:
    #####:  778:        for (;p < state->handCount[currentPlayer]; p++) {
    #####:  779:          state->hand[currentPlayer][p] = state->hand[currentPlayer][p + 1];
        -:  780:        }
        -:  781:
    #####:  782:        state->hand[currentPlayer][state->handCount[currentPlayer]] = -1;
    #####:  783:        state->handCount[currentPlayer]--;
        -:  784:
        -:  785:        // Exit the loop
    #####:  786:        cardNotDiscarded = 0;
    #####:  787:      } else if (p > state->handCount[currentPlayer]) {
        -:  788:
        -:  789:        if(DEBUG) {
        -:  790:          printf("No estate cards in your hand, invalid choice\n");
        -:  791:          printf("Must gain an estate if there are any\n");
        -:  792:        }
        -:  793:
    #####:  794:        if (supplyCount(estate, state) > 0) {
    #####:  795:          gainCard(estate, state, 0, currentPlayer);
        -:  796:
        -:  797:          // Decrement estates
    #####:  798:          state->supplyCount[estate]--;
        -:  799:
    #####:  800:          if (supplyCount(estate, state) == 0) {
    #####:  801:            isGameOver(state);
        -:  802:          }
        -:  803:        }
        -:  804:
        -:  805:        // Exit the loop
    #####:  806:        cardNotDiscarded = 0;
        -:  807:      } else {
        -:  808:        // Next card
    #####:  809:        p++;
        -:  810:      }
        -:  811:    }
        -:  812:  } else {
    #####:  813:    if (supplyCount(estate, state) > 0) {
        -:  814:      // Gain an estate
    #####:  815:      gainCard(estate, state, 0, currentPlayer);
        -:  816:      // Decrement estates
    #####:  817:      state->supplyCount[estate]--;
    #####:  818:      if (supplyCount(estate, state) == 0) {
    #####:  819:        isGameOver(state);
        -:  820:      }
        -:  821:    }
        -:  822:  }
        -:  823:
    #####:  824:  return 0;
        -:  825:}
        -:  826:
      100:  827:int cardEffect(int card, int choice1, int choice2, int choice3, struct gameState *state, int handPos, int *bonus)
        -:  828:{
        -:  829:  int i;
        -:  830:  int j;
        -:  831:  int k;
        -:  832:  int x;
        -:  833:  int index;
      100:  834:  int currentPlayer = whoseTurn(state);
      100:  835:  int nextPlayer = currentPlayer + 1;
        -:  836:
      100:  837:  int tributeRevealedCards[2] = {-1, -1};
        -:  838:  int temphand[MAX_HAND];// moved above the if statement
        -:  839:
      100:  840:  if (nextPlayer > (state->numPlayers - 1)) {
       37:  841:    nextPlayer = 0;
        -:  842:  }
        -:  843:
        -:  844:  //uses switch to select card and perform actions
      100:  845:  switch (card) {
        -:  846:    case adventurer:
      100:  847:      return doAdventurerEffect(handPos, currentPlayer, state);
        -:  848:
        -:  849:    case council_room:
    #####:  850:      return doCouncilRoomEffect(handPos, currentPlayer, state);
        -:  851:
        -:  852:    case feast:
        -:  853:      //gain card with cost up to 5
        -:  854:      //Backup hand
    #####:  855:      for (i = 0; i <= state->handCount[currentPlayer]; i++){
    #####:  856:	temphand[i] = state->hand[currentPlayer][i];//Backup card
    #####:  857:	state->hand[currentPlayer][i] = -1;//Set to nothing
        -:  858:      }
        -:  859:      //Backup hand
        -:  860:
        -:  861:      //Update Coins for Buy
    #####:  862:      updateCoins(currentPlayer, state, 5);
    #####:  863:      x = 1;//Condition to loop on
    #####:  864:      while( x == 1) {//Buy one card
    #####:  865:	if (supplyCount(choice1, state) <= 0){
        -:  866:	  if (DEBUG)
        -:  867:	    printf("None of that card left, sorry!\n");
        -:  868:
        -:  869:	  if (DEBUG){
        -:  870:	    printf("Cards Left: %d\n", supplyCount(choice1, state));
        -:  871:	  }
        -:  872:	}
    #####:  873:	else if (state->coins < getCost(choice1)){
    #####:  874:	  printf("That card is too expensive!\n");
        -:  875:
        -:  876:	  if (DEBUG){
        -:  877:	    printf("Coins: %d < %d\n", state->coins, getCost(choice1));
        -:  878:	  }
        -:  879:	}
        -:  880:	else{
        -:  881:
        -:  882:	  if (DEBUG){
        -:  883:	    printf("Deck Count: %d\n", state->handCount[currentPlayer] + state->deckCount[currentPlayer] + state->discardCount[currentPlayer]);
        -:  884:	  }
        -:  885:
    #####:  886:	  gainCard(choice1, state, 0, currentPlayer);//Gain the card
    #####:  887:	  x = 0;//No more buying cards
        -:  888:
        -:  889:	  if (DEBUG){
        -:  890:	    printf("Deck Count: %d\n", state->handCount[currentPlayer] + state->deckCount[currentPlayer] + state->discardCount[currentPlayer]);
        -:  891:	  }
        -:  892:
        -:  893:	}
        -:  894:      }     
        -:  895:
        -:  896:      //Reset Hand
    #####:  897:      for (i = 0; i <= state->handCount[currentPlayer]; i++){
    #####:  898:	state->hand[currentPlayer][i] = temphand[i];
    #####:  899:	temphand[i] = -1;
        -:  900:      }
        -:  901:      //Reset Hand
        -:  902:
    #####:  903:      return 0;
        -:  904:
        -:  905:    case gardens:
    #####:  906:      return -1;
        -:  907:
        -:  908:    case mine:
    #####:  909:      j = state->hand[currentPlayer][choice1];  //store card we will trash
        -:  910:
    #####:  911:      if (state->hand[currentPlayer][choice1] < copper || state->hand[currentPlayer][choice1] > gold)
        -:  912:	{
    #####:  913:	  return -1;
        -:  914:	}
        -:  915:
    #####:  916:      if (choice2 > treasure_map || choice2 < curse)
        -:  917:	{
    #####:  918:	  return -1;
        -:  919:	}
        -:  920:
    #####:  921:      if ( (getCost(state->hand[currentPlayer][choice1]) + 3) > getCost(choice2) )
        -:  922:	{
    #####:  923:	  return -1;
        -:  924:	}
        -:  925:
    #####:  926:      gainCard(choice2, state, 2, currentPlayer);
        -:  927:
        -:  928:      //discard card from hand
    #####:  929:      discardCard(handPos, currentPlayer, state, 0);
        -:  930:
        -:  931:      //discard trashed card
    #####:  932:      for (i = 0; i < state->handCount[currentPlayer]; i++)
        -:  933:	{
    #####:  934:	  if (state->hand[currentPlayer][i] == j)
        -:  935:	    {
    #####:  936:	      discardCard(i, currentPlayer, state, 0);			
    #####:  937:	      break;
        -:  938:	    }
        -:  939:	}
        -:  940:
    #####:  941:      return 0;
        -:  942:
        -:  943:    case remodel:
    #####:  944:      j = state->hand[currentPlayer][choice1];  //store card we will trash
        -:  945:
    #####:  946:      if ( (getCost(state->hand[currentPlayer][choice1]) + 2) > getCost(choice2) )
        -:  947:	{
    #####:  948:	  return -1;
        -:  949:	}
        -:  950:
    #####:  951:      gainCard(choice2, state, 0, currentPlayer);
        -:  952:
        -:  953:      //discard card from hand
    #####:  954:      discardCard(handPos, currentPlayer, state, 0);
        -:  955:
        -:  956:      //discard trashed card
    #####:  957:      for (i = 0; i < state->handCount[currentPlayer]; i++)
        -:  958:	{
    #####:  959:	  if (state->hand[currentPlayer][i] == j)
        -:  960:	    {
    #####:  961:	      discardCard(i, currentPlayer, state, 0);			
    #####:  962:	      break;
        -:  963:	    }
        -:  964:	}
        -:  965:
        -:  966:
    #####:  967:      return 0;
        -:  968:
        -:  969:    case smithy:
    #####:  970:      return doSmithyEffect(handPos, currentPlayer, state);
        -:  971:
        -:  972:    case village:
    #####:  973:      return doVillageEffect(handPos, currentPlayer, state);
        -:  974:
        -:  975:    case baron:
    #####:  976:      return doBaronEffect(choice1, currentPlayer, state);
        -:  977:
        -:  978:    case great_hall:
        -:  979:      //+1 Card
    #####:  980:      drawCard(currentPlayer, state);
        -:  981:
        -:  982:      //+1 Actions
    #####:  983:      state->numActions++;
        -:  984:
        -:  985:      //discard card from hand
    #####:  986:      discardCard(handPos, currentPlayer, state, 0);
    #####:  987:      return 0;
        -:  988:
        -:  989:    case minion:
        -:  990:      //+1 action
    #####:  991:      state->numActions++;
        -:  992:
        -:  993:      //discard card from hand
    #####:  994:      discardCard(handPos, currentPlayer, state, 0);
        -:  995:
    #####:  996:      if (choice1)		//+2 coins
        -:  997:	{
    #####:  998:	  state->coins = state->coins + 2;
        -:  999:	}
        -: 1000:
    #####: 1001:      else if (choice2)		//discard hand, redraw 4, other players with 5+ cards discard hand and draw 4
        -: 1002:	{
        -: 1003:	  //discard hand
    #####: 1004:	  while(numHandCards(state) > 0)
        -: 1005:	    {
    #####: 1006:	      discardCard(handPos, currentPlayer, state, 0);
        -: 1007:	    }
        -: 1008:
        -: 1009:	  //draw 4
    #####: 1010:	  for (i = 0; i < 4; i++)
        -: 1011:	    {
    #####: 1012:	      drawCard(currentPlayer, state);
        -: 1013:	    }
        -: 1014:
        -: 1015:	  //other players discard hand and redraw if hand size > 4
    #####: 1016:	  for (i = 0; i < state->numPlayers; i++)
        -: 1017:	    {
    #####: 1018:	      if (i != currentPlayer)
        -: 1019:		{
    #####: 1020:		  if ( state->handCount[i] > 4 )
        -: 1021:		    {
        -: 1022:		      //discard hand
    #####: 1023:		      while( state->handCount[i] > 0 )
        -: 1024:			{
    #####: 1025:			  discardCard(handPos, i, state, 0);
        -: 1026:			}
        -: 1027:
        -: 1028:		      //draw 4
    #####: 1029:		      for (j = 0; j < 4; j++)
        -: 1030:			{
    #####: 1031:			  drawCard(i, state);
        -: 1032:			}
        -: 1033:		    }
        -: 1034:		}
        -: 1035:	    }
        -: 1036:
        -: 1037:	}
    #####: 1038:      return 0;
        -: 1039:
        -: 1040:    case steward:
    #####: 1041:      if (choice1 == 1)
        -: 1042:	{
        -: 1043:	  //+2 cards
    #####: 1044:	  drawCard(currentPlayer, state);
    #####: 1045:	  drawCard(currentPlayer, state);
        -: 1046:	}
    #####: 1047:      else if (choice1 == 2)
        -: 1048:	{
        -: 1049:	  //+2 coins
    #####: 1050:	  state->coins = state->coins + 2;
        -: 1051:	}
        -: 1052:      else
        -: 1053:	{
        -: 1054:	  //trash 2 cards in hand
    #####: 1055:	  discardCard(choice2, currentPlayer, state, 1);
    #####: 1056:	  discardCard(choice3, currentPlayer, state, 1);
        -: 1057:	}
        -: 1058:
        -: 1059:      //discard card from hand
    #####: 1060:      discardCard(handPos, currentPlayer, state, 0);
    #####: 1061:      return 0;
        -: 1062:
        -: 1063:    case tribute:
    #####: 1064:      if ((state->discardCount[nextPlayer] + state->deckCount[nextPlayer]) <= 1){
    #####: 1065:	if (state->deckCount[nextPlayer] > 0){
    #####: 1066:	  tributeRevealedCards[0] = state->deck[nextPlayer][state->deckCount[nextPlayer]-1];
    #####: 1067:	  state->deckCount[nextPlayer]--;
        -: 1068:	}
    #####: 1069:	else if (state->discardCount[nextPlayer] > 0){
    #####: 1070:	  tributeRevealedCards[0] = state->discard[nextPlayer][state->discardCount[nextPlayer]-1];
    #####: 1071:	  state->discardCount[nextPlayer]--;
        -: 1072:	}
        -: 1073:	else{
        -: 1074:	  //No Card to Reveal
        -: 1075:	  if (DEBUG){
        -: 1076:	    printf("No cards to reveal\n");
        -: 1077:	  }
        -: 1078:	}
        -: 1079:      }
        -: 1080:
        -: 1081:      else{
    #####: 1082:	if (state->deckCount[nextPlayer] == 0){
    #####: 1083:	  for (i = 0; i < state->discardCount[nextPlayer]; i++){
    #####: 1084:	    state->deck[nextPlayer][i] = state->discard[nextPlayer][i];//Move to deck
    #####: 1085:	    state->deckCount[nextPlayer]++;
    #####: 1086:	    state->discard[nextPlayer][i] = -1;
    #####: 1087:	    state->discardCount[nextPlayer]--;
        -: 1088:	  }
        -: 1089:
    #####: 1090:	  shuffle(nextPlayer,state);//Shuffle the deck
        -: 1091:	} 
    #####: 1092:	tributeRevealedCards[0] = state->deck[nextPlayer][state->deckCount[nextPlayer]-1];
    #####: 1093:	state->deck[nextPlayer][state->deckCount[nextPlayer]--] = -1;
    #####: 1094:	state->deckCount[nextPlayer]--;
    #####: 1095:	tributeRevealedCards[1] = state->deck[nextPlayer][state->deckCount[nextPlayer]-1];
    #####: 1096:	state->deck[nextPlayer][state->deckCount[nextPlayer]--] = -1;
    #####: 1097:	state->deckCount[nextPlayer]--;
        -: 1098:      }    
        -: 1099:
    #####: 1100:      if (tributeRevealedCards[0] == tributeRevealedCards[1]){//If we have a duplicate card, just drop one 
    #####: 1101:	state->playedCards[state->playedCardCount] = tributeRevealedCards[1];
    #####: 1102:	state->playedCardCount++;
    #####: 1103:	tributeRevealedCards[1] = -1;
        -: 1104:      }
        -: 1105:
    #####: 1106:      for (i = 0; i <= 2; i ++){
    #####: 1107:	if (tributeRevealedCards[i] == copper || tributeRevealedCards[i] == silver || tributeRevealedCards[i] == gold){//Treasure cards
    #####: 1108:	  state->coins += 2;
        -: 1109:	}
        -: 1110:
    #####: 1111:	else if (tributeRevealedCards[i] == estate || tributeRevealedCards[i] == duchy || tributeRevealedCards[i] == province || tributeRevealedCards[i] == gardens || tributeRevealedCards[i] == great_hall){//Victory Card Found
    #####: 1112:	  drawCard(currentPlayer, state);
    #####: 1113:	  drawCard(currentPlayer, state);
        -: 1114:	}
        -: 1115:	else{//Action Card
    #####: 1116:	  state->numActions = state->numActions + 2;
        -: 1117:	}
        -: 1118:      }
        -: 1119:
    #####: 1120:      return 0;
        -: 1121:
        -: 1122:    case ambassador:
    #####: 1123:      j = 0;		//used to check if player has enough cards to discard
        -: 1124:
    #####: 1125:      if (choice2 > 2 || choice2 < 0)
        -: 1126:	{
    #####: 1127:	  return -1;				
        -: 1128:	}
        -: 1129:
    #####: 1130:      if (choice1 == handPos)
        -: 1131:	{
    #####: 1132:	  return -1;
        -: 1133:	}
        -: 1134:
    #####: 1135:      for (i = 0; i < state->handCount[currentPlayer]; i++)
        -: 1136:	{
    #####: 1137:	  if (i != handPos && i == state->hand[currentPlayer][choice1] && i != choice1)
        -: 1138:	    {
    #####: 1139:	      j++;
        -: 1140:	    }
        -: 1141:	}
    #####: 1142:      if (j < choice2)
        -: 1143:	{
    #####: 1144:	  return -1;				
        -: 1145:	}
        -: 1146:
        -: 1147:      if (DEBUG) 
        -: 1148:	printf("Player %d reveals card number: %d\n", currentPlayer, state->hand[currentPlayer][choice1]);
        -: 1149:
        -: 1150:      //increase supply count for choosen card by amount being discarded
    #####: 1151:      state->supplyCount[state->hand[currentPlayer][choice1]] += choice2;
        -: 1152:
        -: 1153:      //each other player gains a copy of revealed card
    #####: 1154:      for (i = 0; i < state->numPlayers; i++)
        -: 1155:	{
    #####: 1156:	  if (i != currentPlayer)
        -: 1157:	    {
    #####: 1158:	      gainCard(state->hand[currentPlayer][choice1], state, 0, i);
        -: 1159:	    }
        -: 1160:	}
        -: 1161:
        -: 1162:      //discard played card from hand
    #####: 1163:      discardCard(handPos, currentPlayer, state, 0);			
        -: 1164:
        -: 1165:      //trash copies of cards returned to supply
    #####: 1166:      for (j = 0; j < choice2; j++)
        -: 1167:	{
    #####: 1168:	  for (i = 0; i < state->handCount[currentPlayer]; i++)
        -: 1169:	    {
    #####: 1170:	      if (state->hand[currentPlayer][i] == state->hand[currentPlayer][choice1])
        -: 1171:		{
    #####: 1172:		  discardCard(i, currentPlayer, state, 1);
    #####: 1173:		  break;
        -: 1174:		}
        -: 1175:	    }
        -: 1176:	}			
        -: 1177:
    #####: 1178:      return 0;
        -: 1179:
        -: 1180:    case cutpurse:
        -: 1181:
    #####: 1182:      updateCoins(currentPlayer, state, 2);
    #####: 1183:      for (i = 0; i < state->numPlayers; i++)
        -: 1184:	{
    #####: 1185:	  if (i != currentPlayer)
        -: 1186:	    {
    #####: 1187:	      for (j = 0; j < state->handCount[i]; j++)
        -: 1188:		{
    #####: 1189:		  if (state->hand[i][j] == copper)
        -: 1190:		    {
    #####: 1191:		      discardCard(j, i, state, 0);
    #####: 1192:		      break;
        -: 1193:		    }
    #####: 1194:		  if (j == state->handCount[i])
        -: 1195:		    {
    #####: 1196:		      for (k = 0; k < state->handCount[i]; k++)
        -: 1197:			{
        -: 1198:			  if (DEBUG)
        -: 1199:			    printf("Player %d reveals card number %d\n", i, state->hand[i][k]);
        -: 1200:			}	
    #####: 1201:		      break;
        -: 1202:		    }		
        -: 1203:		}
        -: 1204:
        -: 1205:	    }
        -: 1206:
        -: 1207:	}				
        -: 1208:
        -: 1209:      //discard played card from hand
    #####: 1210:      discardCard(handPos, currentPlayer, state, 0);			
        -: 1211:
    #####: 1212:      return 0;
        -: 1213:
        -: 1214:
        -: 1215:    case embargo: 
        -: 1216:      //+2 Coins
    #####: 1217:      state->coins = state->coins + 2;
        -: 1218:
        -: 1219:      //see if selected pile is in play
    #####: 1220:      if ( state->supplyCount[choice1] == -1 )
        -: 1221:	{
    #####: 1222:	  return -1;
        -: 1223:	}
        -: 1224:
        -: 1225:      //add embargo token to selected supply pile
    #####: 1226:      state->embargoTokens[choice1]++;
        -: 1227:
        -: 1228:      //trash card
    #####: 1229:      discardCard(handPos, currentPlayer, state, 1);		
    #####: 1230:      return 0;
        -: 1231:
        -: 1232:    case outpost:
        -: 1233:      //set outpost flag
    #####: 1234:      state->outpostPlayed++;
        -: 1235:
        -: 1236:      //discard card
    #####: 1237:      discardCard(handPos, currentPlayer, state, 0);
    #####: 1238:      return 0;
        -: 1239:
        -: 1240:    case salvager:
        -: 1241:      //+1 buy
    #####: 1242:      state->numBuys++;
        -: 1243:
    #####: 1244:      if (choice1)
        -: 1245:	{
        -: 1246:	  //gain coins equal to trashed card
    #####: 1247:	  state->coins = state->coins + getCost( handCard(choice1, state) );
        -: 1248:	  //trash card
    #####: 1249:	  discardCard(choice1, currentPlayer, state, 1);	
        -: 1250:	}
        -: 1251:
        -: 1252:      //discard card
    #####: 1253:      discardCard(handPos, currentPlayer, state, 0);
    #####: 1254:      return 0;
        -: 1255:
        -: 1256:    case sea_hag:
    #####: 1257:      for (i = 0; i < state->numPlayers; i++){
    #####: 1258:	if (i != currentPlayer){
    #####: 1259:	  state->discard[i][state->discardCount[i]] = state->deck[i][state->deckCount[i]--];			    state->deckCount[i]--;
    #####: 1260:	  state->discardCount[i]++;
    #####: 1261:	  state->deck[i][state->deckCount[i]--] = curse;//Top card now a curse
        -: 1262:	}
        -: 1263:      }
    #####: 1264:      return 0;
        -: 1265:
        -: 1266:    case treasure_map:
        -: 1267:      //search hand for another treasure_map
    #####: 1268:      index = -1;
    #####: 1269:      for (i = 0; i < state->handCount[currentPlayer]; i++)
        -: 1270:	{
    #####: 1271:	  if (state->hand[currentPlayer][i] == treasure_map && i != handPos)
        -: 1272:	    {
    #####: 1273:	      index = i;
    #####: 1274:	      break;
        -: 1275:	    }
        -: 1276:	}
    #####: 1277:      if (index > -1)
        -: 1278:	{
        -: 1279:	  //trash both treasure cards
    #####: 1280:	  discardCard(handPos, currentPlayer, state, 1);
    #####: 1281:	  discardCard(index, currentPlayer, state, 1);
        -: 1282:
        -: 1283:	  //gain 4 Gold cards
    #####: 1284:	  for (i = 0; i < 4; i++)
        -: 1285:	    {
    #####: 1286:	      gainCard(gold, state, 1, currentPlayer);
        -: 1287:	    }
        -: 1288:
        -: 1289:	  //return success
    #####: 1290:	  return 1;
        -: 1291:	}
        -: 1292:
        -: 1293:      //no second treasure_map found in hand
    #####: 1294:      return -1;
        -: 1295:    }
        -: 1296:
    #####: 1297:  return -1;
        -: 1298:}
        -: 1299:
      100: 1300:int discardCard(int handPos, int currentPlayer, struct gameState *state, int trashFlag)
        -: 1301:{
        -: 1302:
        -: 1303:  //if card is not trashed, added to Played pile 
      100: 1304:  if (trashFlag < 1)
        -: 1305:    {
        -: 1306:      //add card to played pile
      100: 1307:      state->playedCards[state->playedCardCount] = state->hand[currentPlayer][handPos]; 
      100: 1308:      state->playedCardCount++;
        -: 1309:    }
        -: 1310:
        -: 1311:  //set played card to -1
      100: 1312:  state->hand[currentPlayer][handPos] = -1;
        -: 1313:
        -: 1314:  //remove card from player's hand
      100: 1315:  if ( handPos == (state->handCount[currentPlayer] - 1) ) 	//last card in hand array is played
        -: 1316:    {
        -: 1317:      //reduce number of cards in hand
       10: 1318:      state->handCount[currentPlayer]--;
        -: 1319:    }
       90: 1320:  else if ( state->handCount[currentPlayer] == 1 ) //only one card in hand
        -: 1321:    {
        -: 1322:      //reduce number of cards in hand
        3: 1323:      state->handCount[currentPlayer]--;
        -: 1324:    }
        -: 1325:  else 	
        -: 1326:    {
        -: 1327:      //replace discarded card with last card in hand
       87: 1328:      state->hand[currentPlayer][handPos] = state->hand[currentPlayer][ (state->handCount[currentPlayer] - 1)];
        -: 1329:      //set last card to -1
       87: 1330:      state->hand[currentPlayer][state->handCount[currentPlayer] - 1] = -1;
        -: 1331:      //reduce number of cards in hand
       87: 1332:      state->handCount[currentPlayer]--;
        -: 1333:    }
        -: 1334:
      100: 1335:  return 0;
        -: 1336:}
        -: 1337:
    #####: 1338:int gainCard(int supplyPos, struct gameState *state, int toFlag, int player)
        -: 1339:{
        -: 1340:  //Note: supplyPos is enum of choosen card
        -: 1341:
        -: 1342:  //check if supply pile is empty (0) or card is not used in game (-1)
    #####: 1343:  if ( supplyCount(supplyPos, state) < 1 )
        -: 1344:    {
    #####: 1345:      return -1;
        -: 1346:    }
        -: 1347:
        -: 1348:  //added card for [whoseTurn] current player:
        -: 1349:  // toFlag = 0 : add to discard
        -: 1350:  // toFlag = 1 : add to deck
        -: 1351:  // toFlag = 2 : add to hand
        -: 1352:
    #####: 1353:  if (toFlag == 1)
        -: 1354:    {
    #####: 1355:      state->deck[ player ][ state->deckCount[player] ] = supplyPos;
    #####: 1356:      state->deckCount[player]++;
        -: 1357:    }
    #####: 1358:  else if (toFlag == 2)
        -: 1359:    {
    #####: 1360:      state->hand[ player ][ state->handCount[player] ] = supplyPos;
    #####: 1361:      state->handCount[player]++;
        -: 1362:    }
        -: 1363:  else
        -: 1364:    {
    #####: 1365:      state->discard[player][ state->discardCount[player] ] = supplyPos;
    #####: 1366:      state->discardCount[player]++;
        -: 1367:    }
        -: 1368:
        -: 1369:  //decrease number in supply pile
    #####: 1370:  state->supplyCount[supplyPos]--;
        -: 1371:
    #####: 1372:  return 0;
        -: 1373:}
        -: 1374:
    #####: 1375:int updateCoins(int player, struct gameState *state, int bonus)
        -: 1376:{
        -: 1377:  int i;
        -: 1378:
        -: 1379:  //reset coin count
    #####: 1380:  state->coins = 0;
        -: 1381:
        -: 1382:  //add coins for each Treasure card in player's hand
    #####: 1383:  for (i = 0; i < state->handCount[player]; i++)
        -: 1384:    {
    #####: 1385:      if (state->hand[player][i] == copper)
        -: 1386:	{
    #####: 1387:	  state->coins += 1;
        -: 1388:	}
    #####: 1389:      else if (state->hand[player][i] == silver)
        -: 1390:	{
    #####: 1391:	  state->coins += 2;
        -: 1392:	}
    #####: 1393:      else if (state->hand[player][i] == gold)
        -: 1394:	{
    #####: 1395:	  state->coins += 3;
        -: 1396:	}	
        -: 1397:    }	
        -: 1398:
        -: 1399:  //add bonus
    #####: 1400:  state->coins += bonus;
        -: 1401:
    #####: 1402:  return 0;
        -: 1403:}
        -: 1404:
        -: 1405:
        -: 1406://end of dominion.c
        -: 1407:
